node   1  (   0,    0) (   0,    0) (   0,    0) (   0,    0) (   0,    0) (   0,    0) (   0,    0) (   0,    0) (   0,    0) (   0,    0)
          (   0,    0) (   0,    0) (   0,    0) (   0,    0) (   0,    0) (   0,    0) (   0,    0) (   0,    0) (   0,    0) (   0,    0)
          (   0,    0) (   0,    0) (   0,    0) (   0,    0) (   0,    0) (   0,    0) (   0,    0) (   0,    0) (   0,    0) (   0,    0)
          (   0,    0) (   0,    0) (   0,    0) (   0,    0) (   0,    0) (   0,    0) (   0,    0) (   0,    0) (   0,    0) (   0,    0)
          (   0,    0) (   0,    0) (   0,    0) (   0,    0) (   0,    0) (   0,    0) (   0,    0) (   0,    0) (   0,    0) (   0,    0)
          (   0,    0) (   0,    0) (   0,    0) (   0,    0) (   0,    0) (   0,    0) (   0,    0) (   0,    0) (   0,    0) (   0,    0)
          (   0,    0) (   0,    0) (   0,    0) (   0,    0) (   0,    0) (   0,    0) (   0,    0) (   0,    0) (   0,    0) (   0,    0)
          (   0,    0) (   0,    0) (   0,    0) (   0,    0) (   0,    0) (   0,    0) (   0,    0) (   0,    0) (   0,    0) (   0,    0)
          (   0,    0) (   0,    0) (   0,    0) (   0,    0) (   0,    0) (   0,    0) (   0,    0) (   0,    0) (   0,    0) (   0,    0)
          (   0,    0) (   0,    0) (   0,    0) (   0,    0) (   0,    0) (   0,    0) (   0,    0) (   0,    0) (   0,    0) (   0,    0)
          (  45,    0) (  14,   14) (   0,   45) (   0,    5) (   0,    5) (   0,    5) (   0,    5) (   0,    5) (   0,    5) (   0,    5)
          (   0,    5) (   0,    5) (   0,    5) (   0,    5) (   0,    5) (   0,    5) (   0,    5) (   0,    5) (   0,    5) (   0,    5)
          (   0,    5) (   0,    5) (   0,    5) (   0,    5) (   0,    5) (   0,    5) (   0,    5) (   0,    5) (   0,    5) (   0,    5)
          (   0,    5) (   0,    5) (   0,    5) (   0,    5) (   0,    5) (   0,    5) (   0,    5) (   0,    5) (   0,    5) (   0,    5)
          (   0,    5) (   0,    5) (   0,    5) (   0,    5) (   0,    5) (   0,    5) (   0,    5) (   0,    5) (   0,    5) (   0,    5)
          (   0,    5) (   0,    5) (   0,    5) (   0,    5) (   0,    5) (   0,    5) (   0,    5) (   0,    5) (   0,    5) (   0,    5)
          (   0,    5) (   0,    5) (   0,    5) (   0,    5) (   0,    5) (   0,    5) (   0,    5) (   0,    5) (   0,    5) (   0,    5)
          (   0,    5) (   0,    5) (   0,    5) (   0,    5) (   0,    5) (   0,    5) (   0,    5) (   0,    0) (   0,    0) (   0,    0)
          (   0,    0) (   0,    0) (   0,    0) (   0,    0) (   0,    0) (   0,    0) (   0,    0) (   0,    0) (   0,    0) (   0,    0)
          (   0,    0) (   0,    0) (   0,    0) (   0,    0) (   0,    0) (   0,    0) (   1,    0) (   0,    5) (   0,   17) (   0,   17)
          (   0,   17) (   0,   17) (   0,   17) (   0,   17) (   0,   17) (   0,   17) (   0,   17) (   0,   17) (   0,   17) (   0,   17)
          (   0,   17) (   0,   17) (   0,   17) (   0,   17) (   0,   17) (   0,   17) (   0,   17) (   0,   17) (   0,   17) (   0,   17)
          (   0,   17) (   0,   17) (   0,   17) (   0,   17) (   0,   17) (   0,   17) (   0,   17) (   0,    0) (   0,    0) (   0,    0)
          (   0,    0) (   0,    0) (   0,    0) (   0,    0) (   0,    0) (   0,    0) (   0,    0) (   0,    0) (   0,    0) (   0,    0)
          (   0,    0) (   0,    0) (   0,    0) (   0,    0) (   0,    0) (   0,    0) (   1,    0) (   0,   17) (   1,    8) (   1,    0)
          (   1,    0) (   1,    0) (   1,    0) (   1,    0) (   1,    0) (   1,    0) (   1,    0) (   1,    0) (   1,    0) (   1,    0)
          (   1,    0) (   1,    0) (   1,    0) (   1,    0) (   1,    0) (   1,    0) (   1,    0) (   1,    0) (   1,    0) (   1,    0)
          (   1,    0) (   1,    0) (   1,    0) (   1,    0) (   1,    0) (   1,    0) (   2,    1) (   1,    0) (   1,    0) (   1,    0)
          (   1,    0) (   1,    0) (   1,    0) (   1,    0) (   1,    0) (   4,    0) (   3,    2) (   1,    3) (   1,    0) (   1,    0)
          (   1,    0) (   1,    0) (   1,    0) (   1,    0) (   1,    0) (   1,    0) (   1,    0) (   1,    0) (   1,    0) (   1,    0)
          (   1,    0) (   1,    0) (   1,    0) (   1,    0) (   1,    0) (   1,    0) (   1,    0) (   1,   15) (   1,    0) (   1,    0)
          (   1,    0) (   1,    0) (   1,    0) (   1,    0) (   1,    0) (   1,    0) (   1,    0) (   1,    0) (   1,    0) (   1,    0)
          (   1,    0) (   1,    0) (   1,    0) (   1,    0) (   1,    0) (   1,    0) (   1,    0) (   1,    0) (   1,    0) (   1,    0)
          (   1,    0) (   1,    0) (   1,    0) (   1,    0) (   1,    0) (   1,    0) (   1,    0) (   1,    0) (   1,    0) (   1,    0)
          (   1,    0) (   1,    0) (   1,    0) (   1,    0) (   1,    0) (   1,    0) (   1,    0) (   1,    0) (   1,    0) (   1,    0)
          (   1,    0) (   1,    0) (   1,    0) (   1,    0) (   1,    0) (   1,    0) (   1,    0) (   1,    0) (   1,    0) (   1,    0)
          (   1,    0) (   1,    0) (   1,    0) (   1,    0) (   1,    0) (   1,    0) (   1,    0) (   1,    0) (   1,    0) (   1,    0)
          (   1,    0) (   1,    0) (   1,    0) (   1,    0) (   1,    0) (   1,    0) (   1,    0) (   1,    0) (   1,    0) (   1,    0)
          (   1,    0) (   1,    0) (   1,    0) (   1,    0) (   1,    0) (   1,    0) (   1,    0) (   1,    0) (   1,    0) (   1,    0)
          (   1,    0) (   1,    0) (   1,    0) (   1,    0) (   1,    0) (   1,    0) (   1,    0) (   1,    0) (   1,    0) (   1,    0)
          (   1,    0) (   1,    0) (   1,    0) (   1,    0) (   1,    0) (   1,    0) (   1,    0) (   1,    0) (   1,    0) (   1,    0)
          (   1,    0) (   1,    0) (   1,    0) (   1,    0) (   1,    0) (   1,    0) (   1,    0) (   1,    0) (   1,    0) (   1,    0)
          (   1,    0) (   1,    0) (   1,    0) (   1,    0) (   1,    0) (   1,    0) (   1,    0) (   1,    0) (   1,    0) (   1,    0)
          (   1,    0) (   1,    0) (   1,    0) (   1,    0) (   1,    0) (   1,    0) (   1,    0) (   1,    0) (   1,    0) (   1,    0)
          (   1,    0) (   1,    0) (   1,    0) (   1,    0) (   1,    0) (   1,    0) (   1,    0) (   1,    0) (   1,    0) (   1,    0)
          (   1,    0) (   1,    0) (   1,    0) (   1,    0) (   1,    0) (   1,    0) (   1,    0) (   1,    0) (   1,    0) (   1,    0)
          (   1,    0) (   1,    0) (   1,    0) (   1,    0) (   1,    0) (   1,    0) (   1,    0) (   1,    0) (   1,    0) (   1,    0)
          (   1,    0) (   1,    0) (   1,    0) (   1,    0) (   1,    0) (   1,    0) (   1,    0) (   1,    0) (   1,    0) (   1,    0)
          (   1,    0) (   1,    0) (   1,    0) (   1,    0) (   1,    0) (   1,    0) (   1,    0) (   1,    0) (   1,    0) (   1,    0)
          (   1,    0) (   1,    0) (   1,    0) (   1,    0) (   1,    0) (   1,    0) (   1,    0) (   1,    0) (   1,    0) (   1,    0)
          (   1,    0) (   1,    0) (   1,    0) (   1,    0) (   1,    0) (   1,    0) (   1,    0) (   1,    0) (   1,    0) (   1,    0)
          (   1,    0) (   1,    0) (   1,    0) (   1,    0) (   1,    0) (   1,    0) (   1,    0) (   1,    0) (   1,    0) (   1,    0)
          (   1,    0) (   1,    0) (   1,    0) (   1,    0) (   1,    0) (   1,    0) (   1,    0) (   1,    0) (   1,    0) (   1,    0)
          (   1,    0) (   1,    0) (   1,    0) (   1,    0) (   1,    0) (   1,    0) (   1,    0) (   1,    0) (   1,    0) (   1,    0)
          (   1,    0) (   1,    0) (   1,    0) (   1,    0) (   1,    0) (   1,    0) (   1,    0) (   1,    0) (   1,    0) (   1,    0)
          (   1,    0) (   1,    0) (   1,    0) (   1,    0) (   1,    0) (   1,    0) (   1,    0) (   1,    0) (   1,    0) (   1,    0)
          (   1,    0) (   1,    0) (   1,    0) (   1,    0) (   1,    0) (   1,    0) (   1,    0) (   1,    0) (   1,    0) (   1,    0)
          (   1,    0) (   1,    0) (   1,    0) (   1,    0) (   1,    0) (   1,    0) (   1,    0) (   1,    0) (   1,    0) (   1,    0)
          (   1,    0) (   1,    0) (   1,    0) (   1,    0) (   1,    0) (   1,    0) (   1,    0) (   1,    0) (   1,    0) (   1,    0)
          (   1,    0) (   1,    0) (   1,    0) (   1,    0) (   1,    0) (   1,    0) (   1,    0) (   1,    0) (   1,    0) (   1,    0)
          (   1,    0) (   1,    0) (   1,    0) (   1,    0) (   1,    0) (   1,    0) (   1,    0) (   1,    0) (   1,    0) (   1,    0)
          (   1,    0) (   1,    0) (   1,    0) (   1,    0) (   1,    0) (   1,    0) (   1,    0) (   1,    0) (   1,    0) (   1,    0)
          (   1,    0) (   1,    0) (   1,    0) (   1,    0) (   1,    0) (   1,    0) (   1,    0) (   1,    0) (   1,    0) (   1,    0)
          (   1,    0) (   1,    0) (   1,    0) (   1,    0) (   1,    0) (   1,    0) (   1,    0) (   1,    0) (   1,    0) (   1,    0)
          (   1,    0) (   1,    0) (   1,    0) (   1,    0) (   1,    0) (   1,    0) (   1,    0) (   1,    0) (   1,    0) (   1,    0)
          (   1,    0) (   1,    0) (   1,    0) (   1,    0) (   1,    0) (   1,    0) (   1,    0) (   1,    0) (   1,    0) (   1,    0)
          (   1,    0) (   1,    0) (   1,    0) (   1,    0) (   1,    0) (   1,    0) (   1,    0) (   1,    0) (   1,    0) (   1,    0)
          (   1,    0) (   1,    0) (   1,    0) (   1,    0) (   1,    0) (   1,    0) (   1,    0) (   1,    0) (   1,    0) (   1,    0)
          (   1,    0) (   1,    0) (   1,    0) (   1,    0) (   1,    0) (   1,    0) (   1,    0) (   1,    0) (   1,    0) (   1,    0)
          (   1,    0) (   1,    0) (   1,    0) (   1,    0) (   1,    0) (   1,    0) (   1,    0) (   1,    0) (   1,    0) (   1,    0)
         
node   1 sent_total    519  recv_total    973

node   2  (   0,    0) (   0,    0) (   0,    0) (   0,    0) (   0,    0) (   0,    0) (   0,    0) (   0,    0) (   0,    0) (   0,    0)
          (   0,    0) (   0,    0) (   0,    0) (   0,    0) (   0,    0) (   0,    0) (   0,    0) (   0,    0) (   0,    0) (   0,    0)
          (   0,    0) (   0,    0) (   0,    0) (   0,    0) (   0,    0) (   0,    0) (   0,    0) (   0,    0) (   0,    0) (   0,    0)
          (   0,    0) (   0,    0) (   0,    0) (   0,    0) (   0,    0) (   0,    0) (   0,    0) (   0,    0) (   0,    0) (   0,    0)
          (   0,    0) (   0,    0) (   0,    0) (   0,    0) (   0,    0) (   0,    0) (   0,    0) (   0,    0) (   0,    0) (   0,    0)
          (   0,    0) (   0,    0) (   0,    0) (   0,    0) (   0,    0) (   0,    0) (   0,    0) (   0,    0) (   0,    0) (   0,    0)
          (   0,    0) (   0,    0) (   0,    0) (   0,    0) (   0,    0) (   0,    0) (   0,    0) (   0,    0) (   0,    0) (   0,    0)
          (   0,    0) (   0,    0) (   0,    0) (   0,    0) (   0,    0) (   0,    0) (   0,    0) (   0,    0) (   0,    0) (   0,    0)
          (   0,    0) (   0,    0) (   0,    0) (   0,    0) (   0,    0) (   0,    0) (   0,    0) (   0,    0) (   0,    0) (   0,    0)
          (   0,    0) (   0,    0) (   0,    0) (   0,    0) (   0,    0) (   0,    0) (   0,    0) (   0,    0) (   0,    0) (   0,    0)
          (  33,    0) (   8,    8) (   0,   33) (   0,    0) (   0,    0) (   0,    0) (   0,    0) (   0,    0) (   0,    0) (   0,    0)
          (   0,    0) (   0,    0) (   0,    0) (   0,    0) (   0,    0) (   0,    0) (   0,    0) (   0,    0) (   0,    0) (   0,    0)
          (   0,    0) (   0,    0) (   0,    0) (   0,    0) (   0,    0) (   0,    0) (   0,    0) (   0,    0) (   0,    0) (   0,    0)
          (   0,    0) (   0,    0) (   0,    0) (   0,    0) (   0,    0) (   0,    0) (   0,    0) (   0,    0) (   0,    0) (   0,    0)
          (   0,    0) (   0,    0) (   0,    0) (   0,    0) (   0,    0) (   0,    0) (   0,    0) (   0,    0) (   0,    0) (   0,    0)
          (   3,    0) (   0,    0) (   0,    3) (   0,    0) (   0,    0) (   0,    0) (   0,    0) (   0,    0) (   0,    0) (   0,    0)
          (   0,    0) (   0,    0) (   0,    0) (   0,    0) (   0,    0) (   0,    0) (   0,    0) (   0,    0) (   0,    0) (   0,    0)
          (   0,    0) (   0,    0) (   0,    0) (   0,    0) (   0,    0) (   0,    0) (   0,    0) (   0,    0) (   0,    0) (   0,    0)
          (   0,    0) (   0,    0) (   0,    0) (   0,    0) (   0,    0) (   0,    0) (   0,    0) (   0,    0) (   0,    0) (   0,    0)
          (   0,    0) (   0,    0) (   0,    0) (   0,    0) (   0,    0) (   0,    0) (   0,    0) (   0,   12) (   0,   12) (   0,   12)
          (   0,   12) (   0,   12) (   0,   12) (   0,   12) (   0,   12) (   0,   12) (   0,   12) (   0,   12) (   0,   12) (   0,   12)
          (   0,   12) (   0,   12) (   0,   12) (   0,   12) (   0,   12) (   0,   12) (   0,   12) (   0,   12) (   0,   12) (   0,   12)
          (   0,   12) (   0,   12) (   0,   12) (   0,   12) (   0,   12) (   0,   12) (   0,   12) (   0,    0) (   0,    0) (   0,    0)
          (   0,    0) (   0,    0) (   0,    0) (   0,    0) (   0,    0) (   0,    0) (   0,    0) (   0,    0) (   0,    0) (   0,    0)
          (   0,    0) (   0,    0) (   0,    0) (   0,    0) (   0,    0) (   0,    0) (   1,    0) (   1,    0) (   1,   17) (   1,    0)
          (   1,    0) (   1,    0) (   1,    0) (   1,    0) (   1,    0) (   1,    0) (   1,    0) (   1,    0) (   1,    0) (   1,    0)
          (   1,    0) (   1,    0) (   1,    0) (   1,    0) (   1,    0) (   1,    0) (   1,    0) (   1,    0) (   1,    0) (   1,    0)
          (   1,    0) (   1,    0) (   1,    0) (   1,    0) (   1,    0) (   1,    0) (   2,    1) (   1,    0) (   1,    0) (   1,    0)
          (   1,    0) (   1,    0) (   1,    0) (   1,    0) (   1,    0) (   1,    0) (   3,    2) (   1,    0) (   1,    0) (   1,    0)
          (   1,    0) (   1,    0) (   1,    0) (   1,    0) (   1,    0) (   1,    0) (   1,    0) (   1,    0) (   1,    0) (   1,    0)
          (   1,    0) (   1,    0) (   1,    0) (   1,    0) (   1,    0) (   1,    0) (   1,    0) (   1,    8) (   1,    0) (   1,    0)
          (   1,    0) (   1,    0) (   1,    0) (   1,    0) (   1,    0) (   1,    0) (   1,    0) (   1,    0) (   1,    0) (   1,    0)
          (   1,    0) (   1,    0) (   1,    0) (   1,    0) (   1,    0) (   1,    0) (   1,    0) (   1,    0) (   1,    0) (   1,    0)
          (   1,    0) (   1,    0) (   1,    0) (   1,    0) (   1,    0) (   1,    0) (   1,    0) (   1,    0) (   1,    0) (   1,    0)
          (   1,    0) (   1,    0) (   1,    0) (   1,    0) (   1,    0) (   1,    0) (   1,    0) (   1,    0) (   1,    0) (   1,    0)
          (   1,    0) (   1,    0) (   1,    0) (   1,    0) (   1,    0) (   1,    0) (   1,    0) (   1,    0) (   1,    0) (   1,    0)
          (   1,    0) (   1,    0) (   1,    0) (   1,    0) (   1,    0) (   1,    0) (   1,    0) (   1,    0) (   1,    0) (   1,    0)
          (   1,    0) (   1,    0) (   1,    0) (   1,    0) (   1,    0) (   1,    0) (   1,    0) (   1,    0) (   1,    0) (   1,    0)
          (   1,    0) (   1,    0) (   1,    0) (   1,    0) (   1,    0) (   1,    0) (   1,    0) (   1,    0) (   1,    0) (   1,    0)
          (   1,    0) (   1,    0) (   1,    0) (   1,    0) (   1,    0) (   1,    0) (   1,    0) (   1,    0) (   1,    0) (   1,    0)
          (   1,    0) (   1,    0) (   1,    0) (   1,    0) (   1,    0) (   1,    0) (   1,    0) (   1,    0) (   1,    0) (   1,    0)
          (   1,    0) (   1,    0) (   1,    0) (   1,    0) (   1,    0) (   1,    0) (   1,    0) (   1,    0) (   1,    0) (   1,    0)
          (   1,    0) (   1,    0) (   1,    0) (   1,    0) (   1,    0) (   1,    0) (   1,    0) (   1,    0) (   1,    0) (   1,    0)
          (   1,    0) (   1,    0) (   1,    0) (   1,    0) (   1,    0) (   1,    0) (   1,    0) (   1,    0) (   1,    0) (   1,    0)
          (   1,    0) (   1,    0) (   1,    0) (   1,    0) (   1,    0) (   1,    0) (   1,    0) (   1,    0) (   1,    0) (   1,    0)
          (   1,    0) (   1,    0) (   1,    0) (   1,    0) (   1,    0) (   1,    0) (   1,    0) (   1,    0) (   1,    0) (   1,    0)
          (   1,    0) (   1,    0) (   1,    0) (   1,    0) (   1,    0) (   1,    0) (   1,    0) (   1,    0) (   1,    0) (   1,    0)
          (   1,    0) (   1,    0) (   1,    0) (   1,    0) (   1,    0) (   1,    0) (   1,    0) (   1,    0) (   1,    0) (   1,    0)
          (   1,    0) (   1,    0) (   1,    0) (   1,    0) (   1,    0) (   1,    0) (   1,    0) (   1,    0) (   1,    0) (   1,    0)
          (   1,    0) (   1,    0) (   1,    0) (   1,    0) (   1,    0) (   1,    0) (   1,    0) (   1,    0) (   1,    0) (   1,    0)
          (   1,    0) (   1,    0) (   1,    0) (   1,    0) (   1,    0) (   1,    0) (   1,    0) (   1,    0) (   1,    0) (   1,    0)
          (   1,    0) (   1,    0) (   1,    0) (   1,    0) (   1,    0) (   1,    0) (   1,    0) (   1,    0) (   1,    0) (   1,    0)
          (   1,    0) (   1,    0) (   1,    0) (   1,    0) (   1,    0) (   1,    0) (   1,    0) (   1,    0) (   1,    0) (   1,    0)
          (   1,    0) (   1,    0) (   1,    0) (   1,    0) (   1,    0) (   1,    0) (   1,    0) (   1,    0) (   1,    0) (   1,    0)
          (   1,    0) (   1,    0) (   1,    0) (   1,    0) (   1,    0) (   1,    0) (   1,    0) (   1,    0) (   1,    0) (   1,    0)
          (   1,    0) (   1,    0) (   1,    0) (   1,    0) (   1,    0) (   1,    0) (   1,    0) (   1,    0) (   1,    0) (   1,    0)
          (   1,    0) (   1,    0) (   1,    0) (   1,    0) (   1,    0) (   1,    0) (   1,    0) (   1,    0) (   1,    0) (   1,    0)
          (   1,    0) (   1,    0) (   1,    0) (   1,    0) (   1,    0) (   1,    0) (   1,    0) (   1,    0) (   1,    0) (   1,    0)
          (   1,    0) (   1,    0) (   1,    0) (   1,    0) (   1,    0) (   1,    0) (   1,    0) (   1,    0) (   1,    0) (   1,    0)
          (   1,    0) (   1,    0) (   1,    0) (   1,    0) (   1,    0) (   1,    0) (   1,    0) (   1,    0) (   1,    0) (   1,    0)
          (   1,    0) (   1,    0) (   1,    0) (   1,    0) (   1,    0) (   1,    0) (   1,    0) (   1,    0) (   1,    0) (   1,    0)
          (   1,    0) (   1,    0) (   1,    0) (   1,    0) (   1,    0) (   1,    0) (   1,    0) (   1,    0) (   1,    0) (   1,    0)
          (   1,    0) (   1,    0) (   1,    0) (   1,    0) (   1,    0) (   1,    0) (   1,    0) (   1,    0) (   1,    0) (   1,    0)
          (   1,    0) (   1,    0) (   1,    0) (   1,    0) (   1,    0) (   1,    0) (   1,    0) (   1,    0) (   1,    0) (   1,    0)
          (   1,    0) (   1,    0) (   1,    0) (   1,    0) (   1,    0) (   1,    0) (   1,    0) (   1,    0) (   1,    0) (   1,    0)
          (   1,    0) (   1,    0) (   1,    0) (   1,    0) (   1,    0) (   1,    0) (   1,    0) (   1,    0) (   1,    0) (   1,    0)
          (   1,    0) (   1,    0) (   1,    0) (   1,    0) (   1,    0) (   1,    0) (   1,    0) (   1,    0) (   1,    0) (   1,    0)
          (   1,    0) (   1,    0) (   1,    0) (   1,    0) (   1,    0) (   1,    0) (   1,    0) (   1,    0) (   1,    0) (   1,    0)
          (   1,    0) (   1,    0) (   1,    0) (   1,    0) (   1,    0) (   1,    0) (   1,    0) (   1,    0) (   1,    0) (   1,    0)
          (   1,    0) (   1,    0) (   1,    0) (   1,    0) (   1,    0) (   1,    0) (   1,    0) (   1,    0) (   1,    0) (   1,    0)
         
node   2 sent_total    501  recv_total    432

node   3  (   0,    0) (   0,    0) (   0,    0) (   0,    0) (   0,    0) (   0,    0) (   0,    0) (   0,    0) (   0,    0) (   0,    0)
          (   0,    0) (   0,    0) (   0,    0) (   0,    0) (   0,    0) (   0,    0) (   0,    0) (   0,    0) (   0,    0) (   0,    0)
          (   0,    0) (   0,    0) (   0,    0) (   0,    0) (   0,    0) (   0,    0) (   0,    0) (   0,    0) (   0,    0) (   0,    0)
          (   0,    0) (   0,    0) (   0,    0) (   0,    0) (   0,    0) (   0,    0) (   0,    0) (   0,    0) (   0,    0) (   0,    0)
          (   0,    0) (   0,    0) (   0,    0) (   0,    0) (   0,    0) (   0,    0) (   0,    0) (   0,    0) (   0,    0) (   0,    0)
          (   0,    0) (   0,    0) (   0,    0) (   0,    0) (   0,    0) (   0,    0) (   0,    0) (   0,    0) (   0,    0) (   0,    0)
          (   0,    0) (   0,    0) (   0,    0) (   0,    0) (   0,    0) (   0,    0) (   0,    0) (   0,    0) (   0,    0) (   0,    0)
          (   0,    0) (   0,    0) (   0,    0) (   0,    0) (   0,    0) (   0,    0) (   0,    0) (   0,    0) (   0,    0) (   0,    0)
          (   0,    0) (   0,    0) (   0,    0) (   0,    0) (   0,    0) (   0,    0) (   0,    0) (   0,    0) (   0,    0) (   0,    0)
          (   0,    0) (   0,    0) (   0,    0) (   0,    0) (   0,    0) (   0,    0) (   0,    0) (   0,    0) (   0,    0) (   0,    0)
          (  21,    0) (  50,   50) (   0,   21) (   0,    0) (   0,    0) (   0,    0) (   0,    0) (   0,    0) (   0,    0) (   0,    0)
          (   0,    0) (   0,    0) (   0,    0) (   0,    0) (   0,    0) (   0,    0) (   0,    0) (   0,    0) (   0,    0) (   0,    0)
          (   0,    0) (   0,    0) (   0,    0) (   0,    0) (   0,    0) (   0,    0) (   0,    0) (   0,    0) (   0,    0) (   0,    0)
          (   0,    0) (   0,    0) (   0,    0) (   0,    0) (   0,    0) (   0,    0) (   0,    0) (   0,    0) (   0,    0) (   0,    0)
          (   0,    0) (   0,    0) (   0,    0) (   0,    0) (   0,    0) (   0,    0) (   0,    0) (   0,    0) (   0,    0) (   0,    0)
          (   0,    0) (   0,    0) (   0,    0) (   0,    0) (   0,    0) (   0,    0) (   0,    0) (   0,    0) (   0,    0) (   0,    0)
          (   0,    0) (   0,    0) (   0,    0) (   0,    0) (   0,    0) (   0,    0) (   0,    0) (   0,    0) (   0,    0) (   0,    0)
          (   0,    0) (   0,    0) (   0,    0) (   0,    0) (   0,    0) (   0,    0) (   0,    0) (   0,    0) (   0,    0) (   0,    0)
          (   0,    0) (   0,    0) (   0,    0) (   0,    0) (   0,    0) (   0,    0) (   0,    0) (   0,    0) (   0,    0) (   0,    0)
          (   0,    0) (   0,    0) (   0,    0) (   0,    0) (   0,    0) (   0,    0) (   0,    0) (   0,    0) (   0,    0) (   0,    0)
          (   0,    0) (   0,    0) (   0,    0) (   0,    0) (   0,    0) (   0,    0) (   0,    0) (   0,    0) (   0,    0) (   0,    0)
          (   0,    0) (   0,    0) (   0,    0) (   0,    0) (   0,    0) (   0,    0) (   0,    0) (   0,    0) (   0,    0) (   0,    0)
          (   0,    0) (   0,    0) (   0,    0) (   0,    0) (   0,    0) (   0,    0) (   0,    0) (   0,    0) (   0,    0) (   0,    0)
          (   0,    0) (   0,    0) (   0,    0) (   0,    0) (   0,    0) (   0,    0) (   0,    0) (   0,    0) (   0,    0) (   0,    0)
          (   0,    0) (   0,    0) (   0,    0) (   0,    0) (   0,    0) (   0,    0) (   0,    0) (   0,    0) (   0,    0) (   0,    0)
          (   0,    0) (   0,    0) (   0,    0) (   0,    0) (   0,    0) (   0,    0) (   0,    0) (   0,    0) (   0,    0) (   0,    0)
          (   0,    0) (   0,    0) (   0,    0) (   0,    0) (   0,    0) (   0,    0) (   0,    0) (   0,    0) (   0,    0) (   0,    0)
          (   0,    0) (   0,    0) (   0,    0) (   0,    0) (   0,    0) (   3,    0) (   0,    0) (   0,    3) (   0,    0) (   0,    0)
          (   0,    0) (   0,    0) (   0,    0) (   0,    0) (   0,    0) (   0,    0) (   0,    0) (   0,    0) (   0,    0) (   0,    0)
          (   0,    0) (   0,    0) (   0,    0) (   0,    0) (   0,    0) (   0,    0) (   0,    0) (   0,    0) (   0,    0) (   0,    0)
          (   0,    0) (   0,    0) (   0,    0) (   0,    0) (   0,    0) (   0,    0) (   0,    0) (   0,    0) (   0,    0) (   0,    0)
          (   0,    0) (   0,    0) (   0,    0) (   0,    0) (   0,    0) (   0,    0) (   0,    0) (   0,    0) (   0,    0) (   0,    0)
          (   0,    0) (   0,    0) (   0,    0) (   0,    0) (   0,    0) (   0,    0) (   0,    0) (   0,    0) (   0,    0) (   0,    0)
          (   0,    0) (   0,    0) (   0,    0) (   0,    0) (   0,    0) (   0,    0) (   0,    0) (   0,    0) (   0,    0) (   0,    0)
          (   0,    0) (   0,    0) (   0,    0) (   0,    0) (   0,    0) (   0,    0) (   0,    0) (   0,    0) (   0,    0) (   0,    0)
          (   0,    0) (   0,    0) (   0,    0) (   0,    0) (   0,    0) (   0,    0) (   0,    0) (   0,    0) (   0,    0) (   0,    0)
          (   0,    0) (   0,    0) (   0,    0) (   0,    0) (   0,    0) (   0,    0) (   0,    0) (   0,    0) (   0,    0) (   0,    0)
          (   0,    0) (   0,    0) (   0,    0) (   0,    0) (   0,    0) (   0,    0) (   0,    0) (   0,    0) (   0,    0) (   0,    0)
          (   0,    0) (   0,    0) (   0,    0) (   0,    0) (   0,    0) (   0,    0) (   0,    0) (   0,    0) (   0,    0) (   0,    0)
          (   0,    0) (   0,    0) (   0,    0) (   0,    0) (   0,    0) (   0,    0) (   0,    0) (   0,    0) (   0,    0) (   0,    0)
          (   0,    0) (   0,    0) (   0,    0) (   0,    0) (   0,    0) (   0,    0) (   0,    0) (   0,    0) (   0,    0) (   0,    0)
          (   0,    0) (   0,    0) (   0,    0) (   0,    0) (   0,    0) (   0,    0) (   0,    0) (   0,    0) (   0,    0) (   0,    0)
          (   0,    0) (   0,    0) (   0,    0) (   0,    0) (   0,    0) (   0,    0) (   0,    0) (   0,    0) (   0,    0) (   0,    0)
          (   0,    0) (   0,    0) (   0,    0) (   0,    0) (   0,    0) (   0,    0) (   0,    0) (   0,    0) (   0,    0) (   0,    0)
          (   0,    0) (   0,    0) (   0,    0) (   0,    0) (   0,    0) (   0,    0) (   0,    0) (   0,    0) (   0,    0) (   0,    0)
          (   0,    0) (   0,    0) (   0,    0) (   0,    0) (   0,    0) (   0,    0) (   0,    0) (   0,    0) (   0,    0) (   0,    0)
          (   0,    0) (   0,    0) (   0,    0) (   0,    0) (   0,    0) (   0,    0) (   0,    0) (   0,    0) (   0,    0) (   0,    0)
          (   0,    0) (   0,    0) (   0,    0) (   0,    0) (   0,    0) (   0,    0) (   0,    0) (   0,    0) (   0,    0) (   0,    0)
          (   0,    0) (   0,    0) (   0,    0) (   0,    0) (   0,    0) (   0,    0) (   0,    0) (   0,    0) (   0,    0) (   0,    0)
          (   0,    0) (   0,    0) (   0,    0) (   0,    0) (   0,    0) (   0,    0) (   0,    0) (   0,    0) (   0,    0) (   0,    0)
          (   0,    0) (   0,    0) (   0,    0) (   0,    0) (   0,    0) (   0,    0) (   0,    0) (   0,    0) (   0,    0) (   0,    0)
          (   0,    0) (   0,    0) (   0,    0) (   0,    0) (   0,    0) (   0,    0) (   0,    0) (   0,    0) (   0,    0) (   0,    0)
          (   0,    0) (   0,    0) (   0,    0) (   0,    0) (   0,    0) (   0,    0) (   0,    0) (   0,    0) (   0,    0) (   0,    0)
          (   0,    0) (   0,    0) (   0,    0) (   0,    0) (   0,    0) (   0,    0) (   0,    0) (   0,    0) (   0,    0) (   0,    0)
          (   0,    0) (   0,    0) (   0,    0) (   0,    0) (   0,    0) (   0,    0) (   0,    0) (   0,    0) (   0,    0) (   0,    0)
          (   0,    0) (   0,    0) (   0,    0) (   0,    0) (   0,    0) (   0,    0) (   0,    0) (   0,    0) (   0,    0) (   0,    0)
          (   0,    0) (   0,    0) (   0,    0) (   0,    0) (   0,    0) (   0,    0) (   0,    0) (   0,    0) (   0,    0) (   0,    0)
          (   0,    0) (   0,    0) (   0,    0) (   0,    0) (   0,    0) (   0,    0) (   0,    0) (   0,    0) (   0,    0) (   0,    0)
          (   0,    0) (   0,    0) (   0,    0) (   0,    0) (   0,    0) (   0,    0) (   0,    0) (   0,    0) (   0,    0) (   0,    0)
          (   0,    0) (   0,    0) (   0,    0) (   0,    0) (   0,    0) (   0,    0) (   0,    0) (   0,    0) (   0,    0) (   0,    0)
          (   0,    0) (   0,    0) (   0,    0) (   0,    0) (   0,    0) (   0,    0) (   0,    0) (   0,    0) (   0,    0) (   0,    0)
          (   0,    0) (   0,    0) (   0,    0) (   0,    0) (   0,    0) (   0,    0) (   0,    0) (   0,    0) (   0,    0) (   0,    0)
          (   0,    0) (   0,    0) (   0,    0) (   0,    0) (   0,    0) (   0,    0) (   0,    0) (   0,    0) (   0,    0) (   0,    0)
          (   0,    0) (   0,    0) (   0,    0) (   0,    0) (   0,    0) (   0,    0) (   0,    0) (   0,    0) (   0,    0) (   0,    0)
          (   0,    0) (   0,    0) (   0,    0) (   0,    0) (   0,    0) (   0,    0) (   0,    0) (   0,    0) (   0,    0) (   0,    0)
          (   0,    0) (   0,    0) (   0,    0) (   0,    0) (   0,    0) (   0,    0) (   0,    0) (   0,    0) (   0,    0) (   0,    0)
          (   0,    0) (   0,    0) (   0,    0) (   0,    0) (   0,    0) (   0,    0) (   0,    0) (   0,    0) (   0,    0) (   0,    0)
          (   0,    0) (   0,    0) (   0,    0) (   0,    0) (   0,    0) (   0,    0) (   0,    0) (   0,    0) (   0,    0) (   0,    0)
          (   0,    0) (   0,    0) (   0,    0) (   0,    0) (   0,    0) (   0,    0) (   0,    0) (   0,    0) (   0,    0) (   0,    0)
          (   0,    0) (   0,    0) (   0,    0) (   0,    0) (   0,    0) (   0,    0) (   0,    0) (   0,    0) (   0,    0) (   0,    0)
         
node   3 sent_total     74  recv_total     74

node   4  (   0,    0) (   0,    0) (   0,    0) (   0,    0) (   0,    0) (   0,    0) (   0,    0) (   0,    0) (   0,    0) (   0,    0)
          (   0,    0) (   0,    0) (   0,    0) (   0,    0) (   0,    0) (   0,    0) (   0,    0) (   0,    0) (   0,    0) (   0,    0)
          (   0,    0) (   0,    0) (   0,    0) (   0,    0) (   0,    0) (   0,    0) (   0,    0) (   0,    0) (   0,    0) (   0,    0)
          (   0,    0) (   0,    0) (   0,    0) (   0,    0) (   0,    0) (   0,    0) (   0,    0) (   0,    0) (   0,    0) (   0,    0)
          (   0,    0) (   0,    0) (   0,    0) (   0,    0) (   0,    0) (   0,    0) (   0,    0) (   0,    0) (   0,    0) (   0,    0)
          (   0,    0) (   0,    0) (   0,    0) (   0,    0) (   0,    0) (   0,    0) (   0,    0) (   0,    0) (   0,    0) (   0,    0)
          (   0,    0) (   0,    0) (   0,    0) (   0,    0) (   0,    0) (   0,    0) (   0,    0) (   0,    0) (   0,    0) (   0,    0)
          (   0,    0) (   0,    0) (   0,    0) (   0,    0) (   0,    0) (   0,    0) (   0,    0) (   0,    0) (   0,    0) (   0,    0)
          (   0,    0) (   0,    0) (   0,    0) (   0,    0) (   0,    0) (   0,    0) (   0,    0) (   0,    0) (   0,    0) (   0,    0)
          (   0,    0) (   0,    0) (   0,    0) (   0,    0) (   0,    0) (   0,    0) (   0,    0) (   0,    0) (   0,    0) (   0,    0)
          (  33,    0) (  34,   34) (   5,   33) (   5,    0) (   5,    0) (   5,    0) (   5,    0) (   5,    0) (   5,    0) (   5,    0)
          (   5,    0) (   5,    0) (   5,    0) (   5,    0) (   5,    0) (   5,    0) (   5,    0) (   5,    0) (   5,    0) (   5,    0)
          (   5,    0) (   5,    0) (   5,    0) (   5,    0) (   5,    0) (   5,    0) (   5,    0) (   5,    0) (   5,    0) (   5,    0)
          (   5,    0) (   5,    0) (   5,    0) (   5,    0) (   5,    0) (   5,    0) (   5,    0) (   5,    0) (   5,    0) (   5,    0)
          (   5,    0) (   5,    0) (   5,    0) (   5,    0) (   5,    0) (   5,    0) (   5,    0) (   5,    0) (   5,    0) (   5,    0)
          (   5,    0) (   6,    1) (   5,    0) (   5,    0) (   5,    0) (   5,    0) (   5,    0) (   5,    0) (   5,    0) (   5,    0)
          (   5,    0) (   5,    0) (   5,    0) (   5,    0) (   5,    0) (   5,    0) (   5,    0) (   5,    0) (   5,    0) (   5,    0)
          (   5,    0) (   5,    0) (   5,    0) (   5,    0) (   5,    0) (   5,    0) (   0,    0) (   0,    0) (   0,    0) (   0,    0)
          (   0,    0) (   0,    0) (   0,    0) (   0,    0) (   0,    0) (   0,    0) (   0,    0) (   0,    0) (   0,    0) (   0,    0)
          (   0,    0) (   0,    0) (   0,    0) (   0,    0) (   0,    0) (   0,    0) (   0,    0) (   0,    0) (   0,    0) (   0,    0)
          (   0,    0) (   0,    0) (   0,    0) (   0,    0) (   0,    0) (   0,    0) (   0,    0) (   0,    0) (   0,    0) (   0,    0)
          (   0,    0) (   0,    0) (   0,    0) (   0,    0) (   0,    0) (   0,    0) (   0,    0) (   0,    0) (   0,    0) (   0,    0)
          (   0,    0) (   0,    0) (   0,    0) (   0,    0) (   0,    0) (   0,    0) (   0,    0) (   0,    0) (   0,    0) (   0,    0)
          (   0,    0) (   0,    0) (   0,    0) (   0,    0) (   0,    0) (   0,    0) (   0,    0) (   0,    0) (   0,    0) (   0,    0)
          (   0,    0) (   0,    0) (   0,    0) (   0,    0) (   0,    0) (   0,    0) (   0,    0) (   0,    0) (   0,    0) (   0,    0)
          (   0,    0) (   0,    0) (   0,    0) (   0,    0) (   0,    0) (   0,    0) (   0,    0) (   0,    0) (   0,    0) (   0,    0)
          (   0,    0) (   0,    0) (   0,    0) (   0,    0) (   0,    0) (   0,    0) (   0,    0) (   0,    0) (   0,    0) (   0,    0)
          (   0,    0) (   0,    0) (   0,    0) (   0,    0) (   0,    0) (   0,    0) (   0,    0) (   0,    0) (   0,    0) (   0,    0)
          (   0,    0) (   0,    0) (   0,    0) (   0,    0) (   0,    0) (   0,    0) (   0,    0) (   0,    0) (   0,    0) (   0,    0)
          (   0,    0) (   0,    0) (   0,    0) (   0,    0) (   0,    0) (   0,    0) (   0,    0) (   0,    0) (   0,    0) (   0,    0)
          (   0,    0) (   0,    0) (   0,    0) (   0,    0) (   0,    0) (   0,    0) (   0,    0) (   0,    0) (   0,    0) (   0,    0)
          (   0,    0) (   0,    0) (   0,    0) (   0,    0) (   0,    0) (   0,    0) (   0,    0) (   0,    0) (   0,    0) (   0,    0)
          (   0,    0) (   0,    0) (   0,    0) (   0,    0) (   0,    0) (   0,    0) (   0,    0) (   0,    0) (   0,    0) (   0,    0)
          (   0,    0) (   0,    0) (   0,    0) (   0,    0) (   0,    0) (   0,    0) (   0,    0) (   0,    0) (   0,    0) (   0,    0)
          (   0,    0) (   0,    0) (   0,    0) (   0,    0) (   0,    0) (   0,    0) (   0,    0) (   0,    0) (   0,    0) (   0,    0)
          (   0,    0) (   0,    0) (   0,    0) (   0,    0) (   0,    0) (   0,    0) (   0,    0) (   0,    0) (   0,    0) (   0,    0)
          (   0,    0) (   0,    0) (   0,    0) (   0,    0) (   0,    0) (   0,    0) (   0,    0) (   0,    0) (   0,    0) (   0,    0)
          (   0,    0) (   0,    0) (   0,    0) (   0,    0) (   0,    0) (   0,    0) (   0,    0) (   0,    0) (   0,    0) (   0,    0)
          (   0,    0) (   0,    0) (   0,    0) (   0,    0) (   0,    0) (   0,    0) (   0,    0) (   0,    0) (   0,    0) (   0,    0)
          (   0,    0) (   0,    0) (   0,    0) (   0,    0) (   0,    0) (   0,    0) (   0,    0) (   0,    0) (   0,    0) (   0,    0)
          (   0,    0) (   0,    0) (   0,    0) (   0,    0) (   0,    0) (   0,    0) (   0,    0) (   0,    0) (   0,    0) (   0,    0)
          (   0,    0) (   0,    0) (   0,    0) (   0,    0) (   0,    0) (   0,    0) (   0,    0) (   0,    0) (   0,    0) (   0,    0)
          (   0,    0) (   0,    0) (   0,    0) (   0,    0) (   0,    0) (   0,    0) (   0,    0) (   0,    0) (   0,    0) (   0,    0)
          (   0,    0) (   0,    0) (   0,    0) (   0,    0) (   0,    0) (   0,    0) (   0,    0) (   0,    0) (   0,    0) (   0,    0)
          (   0,    0) (   0,    0) (   0,    0) (   0,    0) (   0,    0) (   0,    0) (   0,    0) (   0,    0) (   0,    0) (   0,    0)
          (   0,    0) (   0,    0) (   0,    0) (   0,    0) (   0,    0) (   0,    0) (   0,    0) (   0,    0) (   0,    0) (   0,    0)
          (   0,    0) (   0,    0) (   0,    0) (   0,    0) (   0,    0) (   0,    0) (   0,    0) (   0,    0) (   0,    0) (   0,    0)
          (   0,    0) (   0,    0) (   0,    0) (   0,    0) (   0,    0) (   0,    0) (   0,    0) (   0,    0) (   0,    0) (   0,    0)
          (   0,    0) (   0,    0) (   0,    0) (   0,    0) (   0,    0) (   0,    0) (   0,    0) (   0,    0) (   0,    0) (   0,    0)
          (   0,    0) (   0,    0) (   0,    0) (   0,    0) (   0,    0) (   0,    0) (   0,    0) (   0,    0) (   0,    0) (   0,    0)
          (   0,    0) (   0,    0) (   0,    0) (   0,    0) (   0,    0) (   0,    0) (   0,    0) (   0,    0) (   0,    0) (   0,    0)
          (   0,    0) (   0,    0) (   0,    0) (   0,    0) (   0,    0) (   0,    0) (   0,    0) (   0,    0) (   0,    0) (   0,    0)
          (   0,    0) (   0,    0) (   0,    0) (   0,    0) (   0,    0) (   0,    0) (   0,    0) (   0,    0) (   0,    0) (   0,    0)
          (   0,    0) (   0,    0) (   0,    0) (   0,    0) (   0,    0) (   0,    0) (   0,    0) (   0,    0) (   0,    0) (   0,    0)
          (   0,    0) (   0,    0) (   0,    0) (   0,    0) (   0,    0) (   0,    0) (   0,    0) (   0,    0) (   0,    0) (   0,    0)
          (   0,    0) (   0,    0) (   0,    0) (   0,    0) (   0,    0) (   0,    0) (   0,    0) (   0,    0) (   0,    0) (   0,    0)
          (   0,    0) (   0,    0) (   0,    0) (   0,    0) (   0,    0) (   0,    0) (   0,    0) (   0,    0) (   0,    0) (   0,    0)
          (   0,    0) (   0,    0) (   0,    0) (   0,    0) (   0,    0) (   0,    0) (   0,    0) (   0,    0) (   0,    0) (   0,    0)
          (   0,    0) (   0,    0) (   0,    0) (   0,    0) (   0,    0) (   0,    0) (   0,    0) (   0,    0) (   0,    0) (   0,    0)
          (   0,    0) (   0,    0) (   0,    0) (   0,    0) (   0,    0) (   0,    0) (   0,    0) (   0,    0) (   0,    0) (   0,    0)
          (   0,    0) (   0,    0) (   0,    0) (   0,    0) (   0,    0) (   0,    0) (   0,    0) (   0,    0) (   0,    0) (   0,    0)
          (   0,    0) (   0,    0) (   0,    0) (   0,    0) (   0,    0) (   0,    0) (   0,    0) (   0,    0) (   0,    0) (   0,    0)
          (   0,    0) (   0,    0) (   0,    0) (   0,    0) (   0,    0) (   0,    0) (   0,    0) (   0,    0) (   0,    0) (   0,    0)
          (   0,    0) (   0,    0) (   0,    0) (   0,    0) (   0,    0) (   0,    0) (   0,    0) (   0,    0) (   0,    0) (   0,    0)
          (   0,    0) (   0,    0) (   0,    0) (   0,    0) (   0,    0) (   0,    0) (   0,    0) (   0,    0) (   0,    0) (   0,    0)
          (   0,    0) (   0,    0) (   0,    0) (   0,    0) (   0,    0) (   0,    0) (   0,    0) (   0,    0) (   0,    0) (   0,    0)
          (   0,    0) (   0,    0) (   0,    0) (   0,    0) (   0,    0) (   0,    0) (   0,    0) (   0,    0) (   0,    0) (   0,    0)
          (   0,    0) (   0,    0) (   0,    0) (   0,    0) (   0,    0) (   0,    0) (   0,    0) (   0,    0) (   0,    0) (   0,    0)
          (   0,    0) (   0,    0) (   0,    0) (   0,    0) (   0,    0) (   0,    0) (   0,    0) (   0,    0) (   0,    0) (   0,    0)
          (   0,    0) (   0,    0) (   0,    0) (   0,    0) (   0,    0) (   0,    0) (   0,    0) (   0,    0) (   0,    0) (   0,    0)
         
node   4 sent_total    438  recv_total     68

node   5  (   0,    0) (   0,    0) (   0,    0) (   0,    0) (   0,    0) (   0,    0) (   0,    0) (   0,    0) (   0,    0) (   0,    0)
          (   0,    0) (   0,    0) (   0,    0) (   0,    0) (   0,    0) (   0,    0) (   0,    0) (   0,    0) (   0,    0) (   0,    0)
          (   0,    0) (   0,    0) (   0,    0) (   0,    0) (   0,    0) (   0,    0) (   0,    0) (   0,    0) (   0,    0) (   0,    0)
          (   0,    0) (   0,    0) (   0,    0) (   0,    0) (   0,    0) (   0,    0) (   0,    0) (   0,    0) (   0,    0) (   0,    0)
          (   0,    0) (   0,    0) (   0,    0) (   0,    0) (   0,    0) (   0,    0) (   0,    0) (   0,    0) (   0,    0) (   0,    0)
          (   0,    0) (   0,    0) (   0,    0) (   0,    0) (   0,    0) (   0,    0) (   0,    0) (   0,    0) (   0,    0) (   0,    0)
          (   0,    0) (   0,    0) (   0,    0) (   0,    0) (   0,    0) (   0,    0) (   0,    0) (   0,    0) (   0,    0) (   0,    0)
          (   0,    0) (   0,    0) (   0,    0) (   0,    0) (   0,    0) (   0,    0) (   0,    0) (   0,    0) (   0,    0) (   0,    0)
          (   0,    0) (   0,    0) (   0,    0) (   0,    0) (   0,    0) (   0,    0) (   0,    0) (   0,    0) (   0,    0) (   0,    0)
          (   0,    0) (   0,    0) (   0,    0) (   0,    0) (   0,    0) (   0,    0) (   0,    0) (   0,    0) (   0,    0) (   0,    0)
          (  15,    0) (  18,   18) (   0,   15) (   0,   17) (   0,   17) (   0,   17) (   0,   17) (   0,   17) (   0,   17) (   0,   17)
          (   0,   17) (   0,   17) (   0,   17) (   0,   17) (   0,   17) (   0,   17) (   0,   17) (   0,   17) (   0,   17) (   0,   17)
          (   0,   17) (   0,   17) (   0,   17) (   0,   17) (   0,   17) (   0,   17) (   0,   17) (   0,   17) (   0,   17) (   0,   17)
          (   0,   17) (   0,   17) (   0,   17) (   0,   17) (   0,   17) (   0,   17) (   0,   17) (   0,   17) (   0,   17) (   0,   17)
          (   0,   17) (   0,   17) (   0,   17) (   0,   17) (   0,   17) (   0,   17) (   0,   17) (   0,   17) (   0,   17) (   0,   17)
          (   0,   17) (   0,   17) (   0,   17) (   0,   17) (   0,   17) (   0,   17) (   0,   17) (   0,   17) (   0,   17) (   0,   17)
          (   0,   17) (   0,   17) (   0,   17) (   0,   17) (   0,   17) (   0,   17) (   0,   17) (   0,   17) (   0,   17) (   0,   17)
          (   0,   17) (   0,   17) (   0,   17) (   0,   17) (   0,   17) (   0,   17) (   0,   17) (   0,   17) (   0,   17) (   0,   17)
          (   0,   17) (   0,   17) (   0,   17) (   0,   17) (   0,   17) (   0,   17) (   0,   17) (   0,   17) (   0,   17) (   0,   17)
          (   0,   17) (   0,   17) (   0,   17) (   0,   17) (   0,   17) (   0,   17) (  12,   17) (  12,   17) (  12,    0) (  12,    0)
          (  12,    0) (  12,    0) (  12,    0) (  12,    0) (  12,    0) (  12,    0) (  12,    0) (  12,    0) (  12,    0) (  12,    0)
          (  12,    0) (  12,    0) (  12,    0) (  12,    0) (  12,    0) (  12,    0) (  12,    0) (  12,    0) (  12,    0) (  12,    0)
          (  12,    0) (  12,    0) (  12,    0) (  12,    0) (  12,    0) (  12,    0) (   0,    0) (   0,    0) (   0,    0) (   0,    0)
          (   0,    0) (   0,    0) (   0,    0) (   0,    0) (   0,    0) (   0,    0) (   0,    0) (   0,    0) (   0,    0) (   0,    0)
          (   0,    0) (   0,    0) (   0,    0) (   0,    0) (   0,    0) (   0,    0) (   0,    0) (   0,    0) (   0,    0) (   0,    0)
          (   0,    0) (   0,    0) (   0,    0) (   0,    0) (   0,    0) (   0,    0) (   0,    0) (   0,    0) (   0,    0) (   0,    0)
          (   0,    0) (   0,    0) (   0,    0) (   0,    0) (   0,    0) (   0,    0) (   0,    0) (   0,    0) (   0,    0) (   0,    0)
          (   0,    0) (   0,    0) (   0,    0) (   0,    0) (   0,    0) (   0,    0) (   0,    0) (   0,    0) (   0,    0) (   0,    0)
          (   0,    0) (   0,    0) (   0,    0) (   0,    0) (   0,    0) (   0,    0) (   0,    0) (   0,    0) (   0,    0) (   0,    0)
          (   0,    0) (   0,    0) (   0,    0) (   0,    0) (   0,    0) (   0,    0) (   0,    0) (   0,    0) (   0,    0) (   0,    0)
          (   0,    0) (   0,    0) (   0,    0) (   0,    0) (   0,    0) (   0,    0) (   0,    0) (   0,    0) (   0,    0) (   0,    0)
          (   0,    0) (   0,    0) (   0,    0) (   0,    0) (   0,    0) (   0,    0) (   0,    0) (   0,    0) (   0,    0) (   0,    0)
          (   0,    0) (   0,    0) (   0,    0) (   0,    0) (   0,    0) (   0,    0) (   0,    0) (   0,    0) (   0,    0) (   0,    0)
          (   0,    0) (   0,    0) (   0,    0) (   0,    0) (   0,    0) (   0,    0) (   0,    0) (   0,    0) (   0,    0) (   0,    0)
          (   0,    0) (   0,    0) (   0,    0) (   0,    0) (   0,    0) (   0,    0) (   0,    0) (   0,    0) (   0,    0) (   0,    0)
          (   0,    0) (   0,    0) (   0,    0) (   0,    0) (   0,    0) (   0,    0) (   0,    0) (   0,    0) (   0,    0) (   0,    0)
          (   0,    0) (   0,    0) (   0,    0) (   0,    0) (   0,    0) (   0,    0) (   0,    0) (   0,    0) (   0,    0) (   0,    0)
          (   0,    0) (   0,    0) (   0,    0) (   0,    0) (   0,    0) (   0,    0) (   0,    0) (   0,    0) (   0,    0) (   0,    0)
          (   0,    0) (   0,    0) (   0,    0) (   0,    0) (   0,    0) (   0,    0) (   0,    0) (   0,    0) (   0,    0) (   0,    0)
          (   0,    0) (   0,    0) (   0,    0) (   0,    0) (   0,    0) (   0,    0) (   0,    0) (   0,    0) (   0,    0) (   0,    0)
          (   0,    0) (   0,    0) (   0,    0) (   0,    0) (   0,    0) (   0,    0) (   0,    0) (   0,    0) (   0,    0) (   0,    0)
          (   0,    0) (   0,    0) (   0,    0) (   0,    0) (   0,    0) (   0,    0) (   0,    0) (   0,    0) (   0,    0) (   0,    0)
          (   0,    0) (   0,    0) (   0,    0) (   0,    0) (   0,    0) (   0,    0) (   0,    0) (   0,    0) (   0,    0) (   0,    0)
          (   0,    0) (   0,    0) (   0,    0) (   0,    0) (   0,    0) (   0,    0) (   0,    0) (   0,    0) (   0,    0) (   0,    0)
          (   0,    0) (   0,    0) (   0,    0) (   0,    0) (   0,    0) (   0,    0) (   0,    0) (   0,    0) (   0,    0) (   0,    0)
          (   0,    0) (   0,    0) (   0,    0) (   0,    0) (   0,    0) (   0,    0) (   0,    0) (   0,    0) (   0,    0) (   0,    0)
          (   0,    0) (   0,    0) (   0,    0) (   0,    0) (   0,    0) (   0,    0) (   0,    0) (   0,    0) (   0,    0) (   0,    0)
          (   0,    0) (   0,    0) (   0,    0) (   0,    0) (   0,    0) (   0,    0) (   0,    0) (   0,    0) (   0,    0) (   0,    0)
          (   0,    0) (   0,    0) (   0,    0) (   0,    0) (   0,    0) (   0,    0) (   0,    0) (   0,    0) (   0,    0) (   0,    0)
          (   0,    0) (   0,    0) (   0,    0) (   0,    0) (   0,    0) (   0,    0) (   0,    0) (   0,    0) (   0,    0) (   0,    0)
          (   0,    0) (   0,    0) (   0,    0) (   0,    0) (   0,    0) (   0,    0) (   0,    0) (   0,    0) (   0,    0) (   0,    0)
          (   0,    0) (   0,    0) (   0,    0) (   0,    0) (   0,    0) (   0,    0) (   0,    0) (   0,    0) (   0,    0) (   0,    0)
          (   0,    0) (   0,    0) (   0,    0) (   0,    0) (   0,    0) (   0,    0) (   0,    0) (   0,    0) (   0,    0) (   0,    0)
          (   0,    0) (   0,    0) (   0,    0) (   0,    0) (   0,    0) (   0,    0) (   0,    0) (   0,    0) (   0,    0) (   0,    0)
          (   0,    0) (   0,    0) (   0,    0) (   0,    0) (   0,    0) (   0,    0) (   0,    0) (   0,    0) (   0,    0) (   0,    0)
          (   0,    0) (   0,    0) (   0,    0) (   0,    0) (   0,    0) (   0,    0) (   0,    0) (   0,    0) (   0,    0) (   0,    0)
          (   0,    0) (   0,    0) (   0,    0) (   0,    0) (   0,    0) (   0,    0) (   0,    0) (   0,    0) (   0,    0) (   0,    0)
          (   0,    0) (   0,    0) (   0,    0) (   0,    0) (   0,    0) (   0,    0) (   0,    0) (   0,    0) (   0,    0) (   0,    0)
          (   0,    0) (   0,    0) (   0,    0) (   0,    0) (   0,    0) (   0,    0) (   0,    0) (   0,    0) (   0,    0) (   0,    0)
          (   0,    0) (   0,    0) (   0,    0) (   0,    0) (   0,    0) (   0,    0) (   0,    0) (   0,    0) (   0,    0) (   0,    0)
          (   0,    0) (   0,    0) (   0,    0) (   0,    0) (   0,    0) (   0,    0) (   0,    0) (   0,    0) (   0,    0) (   0,    0)
          (   0,    0) (   0,    0) (   0,    0) (   0,    0) (   0,    0) (   0,    0) (   0,    0) (   0,    0) (   0,    0) (   0,    0)
          (   0,    0) (   0,    0) (   0,    0) (   0,    0) (   0,    0) (   0,    0) (   0,    0) (   0,    0) (   0,    0) (   0,    0)
          (   0,    0) (   0,    0) (   0,    0) (   0,    0) (   0,    0) (   0,    0) (   0,    0) (   0,    0) (   0,    0) (   0,    0)
          (   0,    0) (   0,    0) (   0,    0) (   0,    0) (   0,    0) (   0,    0) (   0,    0) (   0,    0) (   0,    0) (   0,    0)
          (   0,    0) (   0,    0) (   0,    0) (   0,    0) (   0,    0) (   0,    0) (   0,    0) (   0,    0) (   0,    0) (   0,    0)
          (   0,    0) (   0,    0) (   0,    0) (   0,    0) (   0,    0) (   0,    0) (   0,    0) (   0,    0) (   0,    0) (   0,    0)
          (   0,    0) (   0,    0) (   0,    0) (   0,    0) (   0,    0) (   0,    0) (   0,    0) (   0,    0) (   0,    0) (   0,    0)
          (   0,    0) (   0,    0) (   0,    0) (   0,    0) (   0,    0) (   0,    0) (   0,    0) (   0,    0) (   0,    0) (   0,    0)
          (   0,    0) (   0,    0) (   0,    0) (   0,    0) (   0,    0) (   0,    0) (   0,    0) (   0,    0) (   0,    0) (   0,    0)
         
node   5 sent_total    393  recv_total   1648

node   6  (   0,    0) (   0,    0) (   0,    0) (   0,    0) (   0,    0) (   0,    0) (   0,    0) (   0,    0) (   0,    0) (   0,    0)
          (   0,    0) (   0,    0) (   0,    0) (   0,    0) (   0,    0) (   0,    0) (   0,    0) (   0,    0) (   0,    0) (   0,    0)
          (   0,    0) (   0,    0) (   0,    0) (   0,    0) (   0,    0) (   0,    0) (   0,    0) (   0,    0) (   0,    0) (   0,    0)
          (   0,    0) (   0,    0) (   0,    0) (   0,    0) (   0,    0) (   0,    0) (   0,    0) (   0,    0) (   0,    0) (   0,    0)
          (   0,    0) (   0,    0) (   0,    0) (   0,    0) (   0,    0) (   0,    0) (   0,    0) (   0,    0) (   0,    0) (   0,    0)
          (   0,    0) (   0,    0) (   0,    0) (   0,    0) (   0,    0) (   0,    0) (   0,    0) (   0,    0) (   0,    0) (   0,    0)
          (   0,    0) (   0,    0) (   0,    0) (   0,    0) (   0,    0) (   0,    0) (   0,    0) (   0,    0) (   0,    0) (   0,    0)
          (   0,    0) (   0,    0) (   0,    0) (   0,    0) (   0,    0) (   0,    0) (   0,    0) (   0,    0) (   0,    0) (   0,    0)
          (   0,    0) (   0,    0) (   0,    0) (   0,    0) (   0,    0) (   0,    0) (   0,    0) (   0,    0) (   0,    0) (   0,    0)
          (   0,    0) (   0,    0) (   0,    0) (   0,    0) (   0,    0) (   0,    0) (   0,    0) (   0,    0) (   0,    0) (   0,    0)
          (  36,    0) (  30,   30) (  17,   36) (  17,    0) (  17,    0) (  17,    0) (  17,    0) (  17,    0) (  17,    0) (  17,    0)
          (  17,    0) (  17,    0) (  17,    0) (  17,    0) (  17,    0) (  17,    0) (  17,    0) (  17,    0) (  17,    0) (  17,    0)
          (  17,    0) (  17,    0) (  17,    0) (  17,    0) (  17,    0) (  17,    0) (  17,    0) (  17,    0) (  17,    0) (  17,    0)
          (  17,    0) (  17,    0) (  17,    0) (  17,    0) (  17,    0) (  17,    0) (  17,    0) (  17,    0) (  17,    0) (  17,    0)
          (  17,    0) (  17,    0) (  17,    0) (  17,    0) (  17,    0) (  17,    0) (  17,    0) (  17,    0) (  17,    0) (  17,    0)
          (  17,    0) (  18,    1) (  17,    0) (  17,    0) (  17,    0) (  17,    0) (  17,    0) (  17,    0) (  17,    0) (  17,    0)
          (  17,    0) (  17,    0) (  17,    0) (  17,    0) (  17,    0) (  17,    0) (  17,    0) (  17,    0) (  17,    0) (  17,    0)
          (  17,    0) (  17,    0) (  17,    0) (  17,    0) (  17,    0) (  17,    0) (  18,    1) (  17,    0) (  17,    0) (  17,    0)
          (  17,    0) (  17,    0) (  17,    0) (  17,    0) (  17,    0) (  17,    0) (  17,    0) (  17,    0) (  17,    0) (  17,    0)
          (  17,    0) (  17,    0) (  17,    0) (  17,    0) (  17,    0) (  17,    0) (   5,    0) (  17,    0) (  17,    0) (  17,    0)
          (  17,    0) (  17,    0) (  17,    0) (  17,    0) (  17,    0) (  17,    0) (  17,    0) (  17,    0) (  17,    0) (  17,    0)
          (  17,    0) (  17,    0) (  17,    0) (  17,    0) (  17,    0) (  17,    0) (  17,    0) (  17,    0) (  17,    0) (  17,    0)
          (  17,    0) (  17,    0) (  17,    0) (  17,    0) (  17,    0) (  17,    0) (   0,    0) (   0,    0) (   0,    0) (   0,    0)
          (   0,    0) (   0,    0) (   0,    0) (   0,    0) (   0,    0) (   0,    0) (   0,    0) (   0,    0) (   0,    0) (   0,    0)
          (   0,    0) (   0,    0) (   0,    0) (   0,    0) (   0,    0) (   0,    0) (   0,    0) (   0,    0) (   0,    0) (   0,    0)
          (   0,    0) (   0,    0) (   0,    0) (   0,    0) (   0,    0) (   0,    0) (   0,    0) (   0,    0) (   0,    0) (   0,    0)
          (   0,    0) (   0,    0) (   0,    0) (   0,    0) (   0,    0) (   0,    0) (   0,    0) (   0,    0) (   0,    0) (   0,    0)
          (   0,    0) (   0,    0) (   0,    0) (   0,    0) (   0,    0) (   0,    0) (   0,    0) (   0,    0) (   0,    0) (   0,    0)
          (   0,    0) (   0,    0) (   0,    0) (   0,    0) (   0,    0) (   0,    0) (   0,    0) (   0,    0) (   0,    0) (   0,    0)
          (   0,    0) (   0,    0) (   0,    0) (   0,    0) (   0,    0) (   0,    0) (   0,    0) (   0,    0) (   0,    0) (   0,    0)
          (   0,    0) (   0,    0) (   0,    0) (   0,    0) (   0,    0) (   0,    0) (   0,    0) (   0,    0) (   0,    0) (   0,    0)
          (   0,    0) (   0,    0) (   0,    0) (   0,    0) (   0,    0) (   0,    0) (   0,    0) (   0,    0) (   0,    0) (   0,    0)
          (   0,    0) (   0,    0) (   0,    0) (   0,    0) (   0,    0) (   0,    0) (   0,    0) (   0,    0) (   0,    0) (   0,    0)
          (   0,    0) (   0,    0) (   0,    0) (   0,    0) (   0,    0) (   0,    0) (   0,    0) (   0,    0) (   0,    0) (   0,    0)
          (   0,    0) (   0,    0) (   0,    0) (   0,    0) (   0,    0) (   0,    0) (   0,    0) (   0,    0) (   0,    0) (   0,    0)
          (   0,    0) (   0,    0) (   0,    0) (   0,    0) (   0,    0) (   0,    0) (   0,    0) (   0,    0) (   0,    0) (   0,    0)
          (   0,    0) (   0,    0) (   0,    0) (   0,    0) (   0,    0) (   0,    0) (   0,    0) (   0,    0) (   0,    0) (   0,    0)
          (   0,    0) (   0,    0) (   0,    0) (   0,    0) (   0,    0) (   0,    0) (   0,    0) (   0,    0) (   0,    0) (   0,    0)
          (   0,    0) (   0,    0) (   0,    0) (   0,    0) (   0,    0) (   0,    0) (   0,    0) (   0,    0) (   0,    0) (   0,    0)
          (   0,    0) (   0,    0) (   0,    0) (   0,    0) (   0,    0) (   0,    0) (   0,    0) (   0,    0) (   0,    0) (   0,    0)
          (   0,    0) (   0,    0) (   0,    0) (   0,    0) (   0,    0) (   0,    0) (   0,    0) (   0,    0) (   0,    0) (   0,    0)
          (   0,    0) (   0,    0) (   0,    0) (   0,    0) (   0,    0) (   0,    0) (   0,    0) (   0,    0) (   0,    0) (   0,    0)
          (   0,    0) (   0,    0) (   0,    0) (   0,    0) (   0,    0) (   0,    0) (   0,    0) (   0,    0) (   0,    0) (   0,    0)
          (   0,    0) (   0,    0) (   0,    0) (   0,    0) (   0,    0) (   0,    0) (   0,    0) (   0,    0) (   0,    0) (   0,    0)
          (   0,    0) (   0,    0) (   0,    0) (   0,    0) (   0,    0) (   0,    0) (   0,    0) (   0,    0) (   0,    0) (   0,    0)
          (   0,    0) (   0,    0) (   0,    0) (   0,    0) (   0,    0) (   0,    0) (   0,    0) (   0,    0) (   0,    0) (   0,    0)
          (   0,    0) (   0,    0) (   0,    0) (   0,    0) (   0,    0) (   0,    0) (   0,    0) (   0,    0) (   0,    0) (   0,    0)
          (   0,    0) (   0,    0) (   0,    0) (   0,    0) (   0,    0) (   0,    0) (   0,    0) (   0,    0) (   0,    0) (   0,    0)
          (   0,    0) (   0,    0) (   0,    0) (   0,    0) (   0,    0) (   0,    0) (   0,    0) (   0,    0) (   0,    0) (   0,    0)
          (   0,    0) (   0,    0) (   0,    0) (   0,    0) (   0,    0) (   0,    0) (   0,    0) (   0,    0) (   0,    0) (   0,    0)
          (   0,    0) (   0,    0) (   0,    0) (   0,    0) (   0,    0) (   0,    0) (   0,    0) (   0,    0) (   0,    0) (   0,    0)
          (   0,    0) (   0,    0) (   0,    0) (   0,    0) (   0,    0) (   0,    0) (   0,    0) (   0,    0) (   0,    0) (   0,    0)
          (   0,    0) (   0,    0) (   0,    0) (   0,    0) (   0,    0) (   0,    0) (   0,    0) (   0,    0) (   0,    0) (   0,    0)
          (   0,    0) (   0,    0) (   0,    0) (   0,    0) (   0,    0) (   0,    0) (   0,    0) (   0,    0) (   0,    0) (   0,    0)
          (   0,    0) (   0,    0) (   0,    0) (   0,    0) (   0,    0) (   0,    0) (   0,    0) (   0,    0) (   0,    0) (   0,    0)
          (   0,    0) (   0,    0) (   0,    0) (   0,    0) (   0,    0) (   0,    0) (   0,    0) (   0,    0) (   0,    0) (   0,    0)
          (   0,    0) (   0,    0) (   0,    0) (   0,    0) (   0,    0) (   0,    0) (   0,    0) (   0,    0) (   0,    0) (   0,    0)
          (   0,    0) (   0,    0) (   0,    0) (   0,    0) (   0,    0) (   0,    0) (   0,    0) (   0,    0) (   0,    0) (   0,    0)
          (   0,    0) (   0,    0) (   0,    0) (   0,    0) (   0,    0) (   0,    0) (   0,    0) (   0,    0) (   0,    0) (   0,    0)
          (   0,    0) (   0,    0) (   0,    0) (   0,    0) (   0,    0) (   0,    0) (   0,    0) (   0,    0) (   0,    0) (   0,    0)
          (   0,    0) (   0,    0) (   0,    0) (   0,    0) (   0,    0) (   0,    0) (   0,    0) (   0,    0) (   0,    0) (   0,    0)
          (   0,    0) (   0,    0) (   0,    0) (   0,    0) (   0,    0) (   0,    0) (   0,    0) (   0,    0) (   0,    0) (   0,    0)
          (   0,    0) (   0,    0) (   0,    0) (   0,    0) (   0,    0) (   0,    0) (   0,    0) (   0,    0) (   0,    0) (   0,    0)
          (   0,    0) (   0,    0) (   0,    0) (   0,    0) (   0,    0) (   0,    0) (   0,    0) (   0,    0) (   0,    0) (   0,    0)
          (   0,    0) (   0,    0) (   0,    0) (   0,    0) (   0,    0) (   0,    0) (   0,    0) (   0,    0) (   0,    0) (   0,    0)
          (   0,    0) (   0,    0) (   0,    0) (   0,    0) (   0,    0) (   0,    0) (   0,    0) (   0,    0) (   0,    0) (   0,    0)
          (   0,    0) (   0,    0) (   0,    0) (   0,    0) (   0,    0) (   0,    0) (   0,    0) (   0,    0) (   0,    0) (   0,    0)
          (   0,    0) (   0,    0) (   0,    0) (   0,    0) (   0,    0) (   0,    0) (   0,    0) (   0,    0) (   0,    0) (   0,    0)
          (   0,    0) (   0,    0) (   0,    0) (   0,    0) (   0,    0) (   0,    0) (   0,    0) (   0,    0) (   0,    0) (   0,    0)
          (   0,    0) (   0,    0) (   0,    0) (   0,    0) (   0,    0) (   0,    0) (   0,    0) (   0,    0) (   0,    0) (   0,    0)
         
node   6 sent_total   2164  recv_total     68

node   7  (   0,    0) (   0,    0) (   0,    0) (   0,    0) (   0,    0) (   0,    0) (   0,    0) (   0,    0) (   0,    0) (   0,    0)
          (   0,    0) (   0,    0) (   0,    0) (   0,    0) (   0,    0) (   0,    0) (   0,    0) (   0,    0) (   0,    0) (   0,    0)
          (   0,    0) (   0,    0) (   0,    0) (   0,    0) (   0,    0) (   0,    0) (   0,    0) (   0,    0) (   0,    0) (   0,    0)
          (   0,    0) (   0,    0) (   0,    0) (   0,    0) (   0,    0) (   0,    0) (   0,    0) (   0,    0) (   0,    0) (   0,    0)
          (   0,    0) (   0,    0) (   0,    0) (   0,    0) (   0,    0) (   0,    0) (   0,    0) (   0,    0) (   0,    0) (   0,    0)
          (   0,    0) (   0,    0) (   0,    0) (   0,    0) (   0,    0) (   0,    0) (   0,    0) (   0,    0) (   0,    0) (   0,    0)
          (   0,    0) (   0,    0) (   0,    0) (   0,    0) (   0,    0) (   0,    0) (   0,    0) (   0,    0) (   0,    0) (   0,    0)
          (   0,    0) (   0,    0) (   0,    0) (   0,    0) (   0,    0) (   0,    0) (   0,    0) (   0,    0) (   0,    0) (   0,    0)
          (   0,    0) (   0,    0) (   0,    0) (   0,    0) (   0,    0) (   0,    0) (   0,    0) (   0,    0) (   0,    0) (   0,    0)
          (   0,    0) (   0,    0) (   0,    0) (   0,    0) (   0,    0) (   0,    0) (   0,    0) (   0,    0) (   0,    0) (   0,    0)
          (  27,    0) (  34,   34) (   0,   27) (   0,    0) (   0,    0) (   0,    0) (   0,    0) (   0,    0) (   0,    0) (   0,    0)
          (   0,    0) (   0,    0) (   0,    0) (   0,    0) (   0,    0) (   0,    0) (   0,    0) (   0,    0) (   0,    0) (   0,    0)
          (   0,    0) (   0,    0) (   0,    0) (   0,    0) (   0,    0) (   0,    0) (   0,    0) (   0,    0) (   0,    0) (   0,    0)
          (   0,    0) (   0,    0) (   0,    0) (   0,    0) (   0,    0) (   0,    0) (   0,    0) (   0,    0) (   0,    0) (   0,    0)
          (   0,    0) (   0,    0) (   0,    0) (   0,    0) (   0,    0) (   0,    0) (   0,    0) (   0,    0) (   0,    0) (   0,    0)
          (   0,    0) (   0,    0) (   0,    0) (   0,    0) (   0,    0) (   0,    0) (   0,    0) (   0,    0) (   0,    0) (   0,    0)
          (   0,    0) (   0,    0) (   0,    0) (   0,    0) (   0,    0) (   0,    0) (   0,    0) (   0,    0) (   0,    0) (   0,    0)
          (   0,    0) (   0,    0) (   0,    0) (   0,    0) (   0,    0) (   0,    0) (   0,    0) (   0,    0) (   0,    0) (   0,    0)
          (   0,    0) (   0,    0) (   0,    0) (   0,    0) (   0,    0) (   0,    0) (   0,    0) (   0,    0) (   0,    0) (   0,    0)
          (   0,    0) (   0,    0) (   0,    0) (   0,    0) (   0,    0) (   0,    0) (   0,    0) (   0,    0) (   0,    0) (   0,    0)
          (   0,    0) (   0,    0) (   0,    0) (   0,    0) (   0,    0) (   0,    0) (   0,    0) (   0,    0) (   0,    0) (   0,    0)
          (   0,    0) (   0,    0) (   0,    0) (   0,    0) (   0,    0) (   0,    0) (   0,    0) (   0,    0) (   0,    0) (   0,    0)
          (   0,    0) (   0,    0) (   0,    0) (   0,    0) (   0,    0) (   0,    0) (   0,    0) (   0,    0) (   0,    0) (   0,    0)
          (   0,    0) (   0,    0) (   0,    0) (   0,    0) (   0,    0) (   0,    0) (   0,    0) (   0,    0) (   0,    0) (   0,    0)
          (   0,    0) (   0,    0) (   0,    0) (   0,    0) (   0,    0) (   0,    0) (   0,    0) (   8,    0) (   0,    0) (   0,    0)
          (   0,    0) (   0,    0) (   0,    0) (   0,    0) (   0,    0) (   0,    0) (   0,    0) (   0,    0) (   0,    0) (   0,    0)
          (   0,    0) (   0,    0) (   0,    0) (   0,    0) (   0,    0) (   0,    0) (   0,    0) (   0,    0) (   0,    0) (   0,    0)
          (   0,    0) (   0,    0) (   0,    0) (   0,    0) (   0,    0) (   0,    0) (   0,    0) (   0,    0) (   0,    0) (   0,    0)
          (   0,    0) (   0,    0) (   0,    0) (   0,    0) (   0,    0) (   3,    0) (   0,    0) (   0,    3) (   0,    0) (   0,    0)
          (   0,    0) (   0,    0) (   0,    0) (   0,    0) (   0,    0) (   0,    0) (   0,    0) (   0,    0) (   0,    0) (   0,    0)
          (   0,    0) (   0,    0) (   0,    0) (   0,    0) (   0,    0) (   0,    0) (  15,    0) (   0,   24) (   0,    0) (   0,    0)
          (   0,    0) (   0,    0) (   0,    0) (   0,    0) (   0,    0) (   0,    0) (   0,    0) (   0,    0) (   0,    0) (   0,    0)
          (   0,    0) (   0,    0) (   0,    0) (   0,    0) (   0,    0) (   0,    0) (   0,    0) (   0,    0) (   0,    0) (   0,    0)
          (   0,    0) (   0,    0) (   0,    0) (   0,    0) (   0,    0) (   0,    0) (   0,    0) (   0,    0) (   0,    0) (   0,    0)
          (   0,    0) (   0,    0) (   0,    0) (   0,    0) (   0,    0) (   0,    0) (   0,    0) (   0,    0) (   0,    0) (   0,    0)
          (   0,    0) (   0,    0) (   0,    0) (   0,    0) (   0,    0) (   0,    0) (   0,    0) (   0,    0) (   0,    0) (   0,    0)
          (   0,    0) (   0,    0) (   0,    0) (   0,    0) (   0,    0) (   0,    0) (   0,    0) (   0,    0) (   0,    0) (   0,    0)
          (   0,    0) (   0,    0) (   0,    0) (   0,    0) (   0,    0) (   0,    0) (   0,    0) (   0,    0) (   0,    0) (   0,    0)
          (   0,    0) (   0,    0) (   0,    0) (   0,    0) (   0,    0) (   0,    0) (   0,    0) (   0,    0) (   0,    0) (   0,    0)
          (   0,    0) (   0,    0) (   0,    0) (   0,    0) (   0,    0) (   0,    0) (   0,    0) (   0,    0) (   0,    0) (   0,    0)
          (   0,    0) (   0,    0) (   0,    0) (   0,    0) (   0,    0) (   0,    0) (   0,    0) (   0,    0) (   0,    0) (   0,    0)
          (   0,    0) (   0,    0) (   0,    0) (   0,    0) (   0,    0) (   0,    0) (   0,    0) (   0,    0) (   0,    0) (   0,    0)
          (   0,    0) (   0,    0) (   0,    0) (   0,    0) (   0,    0) (   0,    0) (   0,    0) (   0,    0) (   0,    0) (   0,    0)
          (   0,    0) (   0,    0) (   0,    0) (   0,    0) (   0,    0) (   0,    0) (   0,    0) (   0,    0) (   0,    0) (   0,    0)
          (   0,    0) (   0,    0) (   0,    0) (   0,    0) (   0,    0) (   0,    0) (   0,    0) (   0,    0) (   0,    0) (   0,    0)
          (   0,    0) (   0,    0) (   0,    0) (   0,    0) (   0,    0) (   0,    0) (   0,    0) (   0,    0) (   0,    0) (   0,    0)
          (   0,    0) (   0,    0) (   0,    0) (   0,    0) (   0,    0) (   0,    0) (   0,    0) (   0,    0) (   0,    0) (   0,    0)
          (   0,    0) (   0,    0) (   0,    0) (   0,    0) (   0,    0) (   0,    0) (   0,    0) (   0,    0) (   0,    0) (   0,    0)
          (   0,    0) (   0,    0) (   0,    0) (   0,    0) (   0,    0) (   0,    0) (   0,    0) (   0,    0) (   0,    0) (   0,    0)
          (   0,    0) (   0,    0) (   0,    0) (   0,    0) (   0,    0) (   0,    0) (   0,    0) (   0,    0) (   0,    0) (   0,    0)
          (   0,    0) (   0,    0) (   0,    0) (   0,    0) (   0,    0) (   0,    0) (   0,    0) (   0,    0) (   0,    0) (   0,    0)
          (   0,    0) (   0,    0) (   0,    0) (   0,    0) (   0,    0) (   0,    0) (   0,    0) (   0,    0) (   0,    0) (   0,    0)
          (   0,    0) (   0,    0) (   0,    0) (   0,    0) (   0,    0) (   0,    0) (   0,    0) (   0,    0) (   0,    0) (   0,    0)
          (   0,    0) (   0,    0) (   0,    0) (   0,    0) (   0,    0) (   0,    0) (   0,    0) (   0,    0) (   0,    0) (   0,    0)
          (   0,    0) (   0,    0) (   0,    0) (   0,    0) (   0,    0) (   0,    0) (   0,    0) (   0,    0) (   0,    0) (   0,    0)
          (   0,    0) (   0,    0) (   0,    0) (   0,    0) (   0,    0) (   0,    0) (   0,    0) (   0,    0) (   0,    0) (   0,    0)
          (   0,    0) (   0,    0) (   0,    0) (   0,    0) (   0,    0) (   0,    0) (   0,    0) (   0,    0) (   0,    0) (   0,    0)
          (   0,    0) (   0,    0) (   0,    0) (   0,    0) (   0,    0) (   0,    0) (   0,    0) (   0,    0) (   0,    0) (   0,    0)
          (   0,    0) (   0,    0) (   0,    0) (   0,    0) (   0,    0) (   0,    0) (   0,    0) (   0,    0) (   0,    0) (   0,    0)
          (   0,    0) (   0,    0) (   0,    0) (   0,    0) (   0,    0) (   0,    0) (   0,    0) (   0,    0) (   0,    0) (   0,    0)
          (   0,    0) (   0,    0) (   0,    0) (   0,    0) (   0,    0) (   0,    0) (   0,    0) (   0,    0) (   0,    0) (   0,    0)
          (   0,    0) (   0,    0) (   0,    0) (   0,    0) (   0,    0) (   0,    0) (   0,    0) (   0,    0) (   0,    0) (   0,    0)
          (   0,    0) (   0,    0) (   0,    0) (   0,    0) (   0,    0) (   0,    0) (   0,    0) (   0,    0) (   0,    0) (   0,    0)
          (   0,    0) (   0,    0) (   0,    0) (   0,    0) (   0,    0) (   0,    0) (   0,    0) (   0,    0) (   0,    0) (   0,    0)
          (   0,    0) (   0,    0) (   0,    0) (   0,    0) (   0,    0) (   0,    0) (   0,    0) (   0,    0) (   0,    0) (   0,    0)
          (   0,    0) (   0,    0) (   0,    0) (   0,    0) (   0,    0) (   0,    0) (   0,    0) (   0,    0) (   0,    0) (   0,    0)
          (   0,    0) (   0,    0) (   0,    0) (   0,    0) (   0,    0) (   0,    0) (   0,    0) (   0,    0) (   0,    0) (   0,    0)
          (   0,    0) (   0,    0) (   0,    0) (   0,    0) (   0,    0) (   0,    0) (   0,    0) (   0,    0) (   0,    0) (   0,    0)
          (   0,    0) (   0,    0) (   0,    0) (   0,    0) (   0,    0) (   0,    0) (   0,    0) (   0,    0) (   0,    0) (   0,    0)
          (   0,    0) (   0,    0) (   0,    0) (   0,    0) (   0,    0) (   0,    0) (   0,    0) (   0,    0) (   0,    0) (   0,    0)
         
node   7 sent_total     87  recv_total     88

node   8  (   0,    0) (   0,    0) (   0,    0) (   0,    0) (   0,    0) (   0,    0) (   0,    0) (   0,    0) (   0,    0) (   0,    0)
          (   0,    0) (   0,    0) (   0,    0) (   0,    0) (   0,    0) (   0,    0) (   0,    0) (   0,    0) (   0,    0) (   0,    0)
          (   0,    0) (   0,    0) (   0,    0) (   0,    0) (   0,    0) (   0,    0) (   0,    0) (   0,    0) (   0,    0) (   0,    0)
          (   0,    0) (   0,    0) (   0,    0) (   0,    0) (   0,    0) (   0,    0) (   0,    0) (   0,    0) (   0,    0) (   0,    0)
          (   0,    0) (   0,    0) (   0,    0) (   0,    0) (   0,    0) (   0,    0) (   0,    0) (   0,    0) (   0,    0) (   0,    0)
          (   0,    0) (   0,    0) (   0,    0) (   0,    0) (   0,    0) (   0,    0) (   0,    0) (   0,    0) (   0,    0) (   0,    0)
          (   0,    0) (   0,    0) (   0,    0) (   0,    0) (   0,    0) (   0,    0) (   0,    0) (   0,    0) (   0,    0) (   0,    0)
          (   0,    0) (   0,    0) (   0,    0) (   0,    0) (   0,    0) (   0,    0) (   0,    0) (   0,    0) (   0,    0) (   0,    0)
          (   0,    0) (   0,    0) (   0,    0) (   0,    0) (   0,    0) (   0,    0) (   0,    0) (   0,    0) (   0,    0) (   0,    0)
          (   0,    0) (   0,    0) (   0,    0) (   0,    0) (   0,    0) (   0,    0) (   0,    0) (   0,    0) (   0,    0) (   0,    0)
          (  27,    0) (  40,   40) (   0,   27) (   0,    0) (   0,    0) (   0,    0) (   0,    0) (   0,    0) (   0,    0) (   0,    0)
          (   0,    0) (   0,    0) (   0,    0) (   0,    0) (   0,    0) (   0,    0) (   0,    0) (   0,    0) (   0,    0) (   0,    0)
          (   0,    0) (   0,    0) (   0,    0) (   0,    0) (   0,    0) (   0,    0) (   0,    0) (   0,    0) (   0,    0) (   0,    0)
          (   0,    0) (   0,    0) (   0,    0) (   0,    0) (   0,    0) (   0,    0) (   0,    0) (   0,    0) (   0,    0) (   0,    0)
          (   0,    0) (   0,    0) (   0,    0) (   0,    0) (   0,    0) (   0,    0) (   0,    0) (   0,    0) (   0,    0) (   0,    0)
          (   0,    0) (   1,    1) (   0,    0) (   0,    0) (   0,    0) (   0,    0) (   0,    0) (   0,    0) (   0,    0) (   0,    0)
          (   0,    0) (   0,    0) (   0,    0) (   0,    0) (   0,    0) (   0,    0) (   0,    0) (   0,    0) (   0,    0) (   0,    0)
          (   0,    0) (   0,    0) (   0,    0) (   0,    0) (   0,    0) (   0,    0) (   1,    1) (   0,    0) (   0,    0) (   0,    0)
          (   0,    0) (   0,    0) (   0,    0) (   0,    0) (   0,    0) (   0,    0) (   0,    0) (   0,    0) (   0,    0) (   0,    0)
          (   0,    0) (   0,    0) (   0,    0) (   0,    0) (   0,    0) (   0,    0) (  17,    0) (   0,    0) (   0,    0) (   0,    0)
          (   0,    0) (   0,    0) (   0,    0) (   0,    0) (   0,    0) (   0,    0) (   0,    0) (   0,    0) (   0,    0) (   0,    0)
          (   0,    0) (   0,    0) (   0,    0) (   0,    0) (   0,    0) (   0,    0) (   0,    0) (   0,    0) (   0,    0) (   0,    0)
          (   0,    0) (   0,    0) (   0,    0) (   0,    0) (   0,    0) (   3,    0) (   1,    1) (   0,    1) (   0,    0) (   0,    0)
          (   0,    0) (   0,    0) (   0,    0) (   0,    0) (   0,    0) (   0,    0) (   0,    0) (   0,    0) (   0,    0) (   0,    0)
          (   0,    0) (   0,    0) (   0,    0) (   0,    0) (   0,    0) (   0,    0) (  17,    0) (  17,    0) (   0,    0) (   0,    0)
          (   0,    0) (   0,    0) (   0,    0) (   0,    0) (   0,    0) (   0,    0) (   0,    0) (   0,    0) (   0,    0) (   0,    0)
          (   0,    0) (   0,    0) (   0,    0) (   0,    0) (   0,    0) (   0,    0) (   0,    0) (   0,    0) (   0,    0) (   0,    0)
          (   0,    0) (   0,    0) (   0,    0) (   0,    0) (   0,    0) (   0,    0) (   1,    1) (   0,    0) (   0,    0) (   0,    0)
          (   0,    0) (   0,    0) (   0,    0) (   0,    0) (   0,    0) (   0,    0) (   1,    1) (   0,    0) (   0,    0) (   0,    0)
          (   0,    0) (   0,    0) (   0,    0) (   0,    0) (   0,    0) (   0,    0) (   0,    0) (   0,    0) (   0,    0) (   0,    0)
          (   0,    0) (   0,    0) (   0,    0) (   0,    0) (   0,    0) (   0,    0) (   8,    0) (   0,   11) (   0,    0) (   0,    0)
          (   0,    0) (   0,    0) (   0,    0) (   0,    0) (   0,    0) (   0,    0) (   0,    0) (   0,    0) (   0,    0) (   0,    0)
          (   0,    0) (   0,    0) (   0,    0) (   0,    0) (   0,    0) (   0,    0) (   0,    0) (   0,    0) (   0,    0) (   0,    0)
          (   0,    0) (   0,    0) (   0,    0) (   0,    0) (   0,    0) (   0,    0) (   0,    0) (   0,    0) (   0,    0) (   0,    0)
          (   0,    0) (   0,    0) (   0,    0) (   0,    0) (   0,    0) (   0,    0) (   0,    0) (   0,    0) (   0,    0) (   0,    0)
          (   0,    0) (   0,    0) (   0,    0) (   0,    0) (   0,    0) (   0,    0) (   0,    0) (   0,    0) (   0,    0) (   0,    0)
          (   0,    0) (   0,    0) (   0,    0) (   0,    0) (   0,    0) (   0,    0) (   0,    0) (   0,    0) (   0,    0) (   0,    0)
          (   0,    0) (   0,    0) (   0,    0) (   0,    0) (   0,    0) (   0,    0) (   0,    0) (   0,    0) (   0,    0) (   0,    0)
          (   0,    0) (   0,    0) (   0,    0) (   0,    0) (   0,    0) (   0,    0) (   0,    0) (   0,    0) (   0,    0) (   0,    0)
          (   0,    0) (   0,    0) (   0,    0) (   0,    0) (   0,    0) (   0,    0) (   0,    0) (   0,    0) (   0,    0) (   0,    0)
          (   0,    0) (   0,    0) (   0,    0) (   0,    0) (   0,    0) (   0,    0) (   0,    0) (   0,    0) (   0,    0) (   0,    0)
          (   0,    0) (   0,    0) (   0,    0) (   0,    0) (   0,    0) (   0,    0) (   0,    0) (   0,    0) (   0,    0) (   0,    0)
          (   0,    0) (   0,    0) (   0,    0) (   0,    0) (   0,    0) (   0,    0) (   0,    0) (   0,    0) (   0,    0) (   0,    0)
          (   0,    0) (   0,    0) (   0,    0) (   0,    0) (   0,    0) (   0,    0) (   0,    0) (   0,    0) (   0,    0) (   0,    0)
          (   0,    0) (   0,    0) (   0,    0) (   0,    0) (   0,    0) (   0,    0) (   0,    0) (   0,    0) (   0,    0) (   0,    0)
          (   0,    0) (   0,    0) (   0,    0) (   0,    0) (   0,    0) (   0,    0) (   0,    0) (   0,    0) (   0,    0) (   0,    0)
          (   0,    0) (   0,    0) (   0,    0) (   0,    0) (   0,    0) (   0,    0) (   0,    0) (   0,    0) (   0,    0) (   0,    0)
          (   0,    0) (   0,    0) (   0,    0) (   0,    0) (   0,    0) (   0,    0) (   0,    0) (   0,    0) (   0,    0) (   0,    0)
          (   0,    0) (   0,    0) (   0,    0) (   0,    0) (   0,    0) (   0,    0) (   0,    0) (   0,    0) (   0,    0) (   0,    0)
          (   0,    0) (   0,    0) (   0,    0) (   0,    0) (   0,    0) (   0,    0) (   0,    0) (   0,    0) (   0,    0) (   0,    0)
          (   0,    0) (   0,    0) (   0,    0) (   0,    0) (   0,    0) (   0,    0) (   0,    0) (   0,    0) (   0,    0) (   0,    0)
          (   0,    0) (   0,    0) (   0,    0) (   0,    0) (   0,    0) (   0,    0) (   0,    0) (   0,    0) (   0,    0) (   0,    0)
          (   0,    0) (   0,    0) (   0,    0) (   0,    0) (   0,    0) (   0,    0) (   0,    0) (   0,    0) (   0,    0) (   0,    0)
          (   0,    0) (   0,    0) (   0,    0) (   0,    0) (   0,    0) (   0,    0) (   0,    0) (   0,    0) (   0,    0) (   0,    0)
          (   0,    0) (   0,    0) (   0,    0) (   0,    0) (   0,    0) (   0,    0) (   0,    0) (   0,    0) (   0,    0) (   0,    0)
          (   0,    0) (   0,    0) (   0,    0) (   0,    0) (   0,    0) (   0,    0) (   0,    0) (   0,    0) (   0,    0) (   0,    0)
          (   0,    0) (   0,    0) (   0,    0) (   0,    0) (   0,    0) (   0,    0) (   0,    0) (   0,    0) (   0,    0) (   0,    0)
          (   0,    0) (   0,    0) (   0,    0) (   0,    0) (   0,    0) (   0,    0) (   0,    0) (   0,    0) (   0,    0) (   0,    0)
          (   0,    0) (   0,    0) (   0,    0) (   0,    0) (   0,    0) (   0,    0) (   0,    0) (   0,    0) (   0,    0) (   0,    0)
          (   0,    0) (   0,    0) (   0,    0) (   0,    0) (   0,    0) (   0,    0) (   0,    0) (   0,    0) (   0,    0) (   0,    0)
          (   0,    0) (   0,    0) (   0,    0) (   0,    0) (   0,    0) (   0,    0) (   0,    0) (   0,    0) (   0,    0) (   0,    0)
          (   0,    0) (   0,    0) (   0,    0) (   0,    0) (   0,    0) (   0,    0) (   0,    0) (   0,    0) (   0,    0) (   0,    0)
          (   0,    0) (   0,    0) (   0,    0) (   0,    0) (   0,    0) (   0,    0) (   0,    0) (   0,    0) (   0,    0) (   0,    0)
          (   0,    0) (   0,    0) (   0,    0) (   0,    0) (   0,    0) (   0,    0) (   0,    0) (   0,    0) (   0,    0) (   0,    0)
          (   0,    0) (   0,    0) (   0,    0) (   0,    0) (   0,    0) (   0,    0) (   0,    0) (   0,    0) (   0,    0) (   0,    0)
          (   0,    0) (   0,    0) (   0,    0) (   0,    0) (   0,    0) (   0,    0) (   0,    0) (   0,    0) (   0,    0) (   0,    0)
          (   0,    0) (   0,    0) (   0,    0) (   0,    0) (   0,    0) (   0,    0) (   0,    0) (   0,    0) (   0,    0) (   0,    0)
          (   0,    0) (   0,    0) (   0,    0) (   0,    0) (   0,    0) (   0,    0) (   0,    0) (   0,    0) (   0,    0) (   0,    0)
          (   0,    0) (   0,    0) (   0,    0) (   0,    0) (   0,    0) (   0,    0) (   0,    0) (   0,    0) (   0,    0) (   0,    0)
          (   0,    0) (   0,    0) (   0,    0) (   0,    0) (   0,    0) (   0,    0) (   0,    0) (   0,    0) (   0,    0) (   0,    0)
         
node   8 sent_total    134  recv_total     84

node   9  (   0,    0) (   0,    0) (   0,    0) (   0,    0) (   0,    0) (   0,    0) (   0,    0) (   0,    0) (   0,    0) (   0,    0)
          (   0,    0) (   0,    0) (   0,    0) (   0,    0) (   0,    0) (   0,    0) (   0,    0) (   0,    0) (   0,    0) (   0,    0)
          (   0,    0) (   0,    0) (   0,    0) (   0,    0) (   0,    0) (   0,    0) (   0,    0) (   0,    0) (   0,    0) (   0,    0)
          (   0,    0) (   0,    0) (   0,    0) (   0,    0) (   0,    0) (   0,    0) (   0,    0) (   0,    0) (   0,    0) (   0,    0)
          (   0,    0) (   0,    0) (   0,    0) (   0,    0) (   0,    0) (   0,    0) (   0,    0) (   0,    0) (   0,    0) (   0,    0)
          (   0,    0) (   0,    0) (   0,    0) (   0,    0) (   0,    0) (   0,    0) (   0,    0) (   0,    0) (   0,    0) (   0,    0)
          (   0,    0) (   0,    0) (   0,    0) (   0,    0) (   0,    0) (   0,    0) (   0,    0) (   0,    0) (   0,    0) (   0,    0)
          (   0,    0) (   0,    0) (   0,    0) (   0,    0) (   0,    0) (   0,    0) (   0,    0) (   0,    0) (   0,    0) (   0,    0)
          (   0,    0) (   0,    0) (   0,    0) (   0,    0) (   0,    0) (   0,    0) (   0,    0) (   0,    0) (   0,    0) (   0,    0)
          (   0,    0) (   0,    0) (   0,    0) (   0,    0) (   0,    0) (   0,    0) (   0,    0) (   0,    0) (   0,    0) (   0,    0)
          (  24,    0) (  41,   41) (   0,   24) (   0,    0) (   0,    0) (   0,    0) (   0,    0) (   0,    0) (   0,    0) (   0,    0)
          (   0,    0) (   0,    0) (   0,    0) (   0,    0) (   0,    0) (   0,    0) (   0,    0) (   0,    0) (   0,    0) (   0,    0)
          (   0,    0) (   0,    0) (   0,    0) (   0,    0) (   0,    0) (   0,    0) (   0,    0) (   0,    0) (   0,    0) (   0,    0)
          (   0,    0) (   0,    0) (   0,    0) (   0,    0) (   0,    0) (   0,    0) (   0,    0) (   0,    0) (   0,    0) (   0,    0)
          (   0,    0) (   0,    0) (   0,    0) (   0,    0) (   0,    0) (   0,    0) (   0,    0) (   0,    0) (   0,    0) (   0,    0)
          (   0,    0) (   0,    0) (   0,    0) (   0,    0) (   0,    0) (   0,    0) (   0,    0) (   0,    0) (   0,    0) (   0,    0)
          (   0,    0) (   0,    0) (   0,    0) (   0,    0) (   0,    0) (   0,    0) (   0,    0) (   0,    0) (   0,    0) (   0,    0)
          (   0,    0) (   0,    0) (   0,    0) (   0,    0) (   0,    0) (   3,    0) (   0,    0) (   0,    2) (   0,    0) (   0,    0)
          (   0,    0) (   0,    0) (   0,    0) (   0,    0) (   0,    0) (   0,    0) (   0,    0) (   0,    0) (   0,    0) (   0,    0)
          (   0,    0) (   0,    0) (   0,    0) (   0,    0) (   0,    0) (   0,    0) (   0,    0) (   0,    0) (   0,    0) (   0,    0)
          (   0,    0) (   0,    0) (   0,    0) (   0,    0) (   0,    0) (   0,    0) (   0,    0) (   0,    0) (   0,    0) (   0,    0)
          (   0,    0) (   0,    0) (   0,    0) (   0,    0) (   0,    0) (   0,    0) (   0,    0) (   0,    0) (   0,    0) (   0,    0)
          (   0,    0) (   0,    0) (   0,    0) (   0,    0) (   0,    0) (   0,    0) (   0,    0) (   0,    0) (   0,    0) (   0,    0)
          (   0,    0) (   0,    0) (   0,    0) (   0,    0) (   0,    0) (   0,    0) (   0,    0) (   0,    0) (   0,    0) (   0,    0)
          (   0,    0) (   0,    0) (   0,    0) (   0,    0) (   0,    0) (   0,    0) (   0,    1) (   0,    1) (   0,    1) (   0,    1)
          (   0,    1) (   0,    1) (   0,    1) (   0,    1) (   0,    1) (   0,    1) (   0,    1) (   0,    1) (   0,    1) (   0,    1)
          (   0,    1) (   0,    1) (   0,    1) (   0,    1) (   0,    1) (   0,    1) (   0,    1) (   0,    1) (   0,    1) (   0,    1)
          (   0,    1) (   0,    1) (   0,    1) (   0,    1) (   0,    1) (   0,    1) (   0,    1) (   0,    1) (   0,    1) (   0,    1)
          (   0,    1) (   0,    1) (   0,    1) (   0,    1) (   0,    1) (   0,    1) (   0,    1) (   0,    1) (   0,    1) (   0,    1)
          (   0,    1) (   0,    1) (   0,    1) (   0,    1) (   0,    1) (   0,    1) (   0,    1) (   0,    1) (   0,    1) (   0,    1)
          (   0,    1) (   0,    1) (   0,    1) (   0,    1) (   0,    1) (   0,    1) (  11,    1) (   0,    1) (   0,    1) (   0,    1)
          (   0,    1) (   0,    1) (   0,    1) (   0,    1) (   0,    1) (   0,    1) (   0,    1) (   0,    1) (   0,    1) (   0,    1)
          (   0,    1) (   0,    1) (   0,    1) (   0,    1) (   0,    1) (   0,    1) (   0,    1) (   0,    1) (   0,    1) (   0,    1)
          (   0,    1) (   0,    1) (   0,    1) (   0,    1) (   0,    1) (   0,    1) (   0,    1) (   0,    1) (   0,    1) (   0,    1)
          (   0,    1) (   0,    1) (   0,    1) (   0,    1) (   0,    1) (   0,    1) (   0,    1) (   0,    1) (   0,    1) (   0,    1)
          (   0,    1) (   0,    1) (   0,    1) (   0,    1) (   0,    1) (   0,    1) (   0,    1) (   0,    1) (   0,    1) (   0,    1)
          (   0,    1) (   0,    1) (   0,    1) (   0,    1) (   0,    1) (   0,    1) (   0,    1) (   0,    1) (   0,    1) (   0,    1)
          (   0,    1) (   0,    1) (   0,    1) (   0,    1) (   0,    1) (   0,    1) (   0,    1) (   0,    1) (   0,    1) (   0,    1)
          (   0,    1) (   0,    1) (   0,    1) (   0,    1) (   0,    1) (   0,    1) (   0,    1) (   0,    1) (   0,    1) (   0,    1)
          (   0,    1) (   0,    1) (   0,    1) (   0,    1) (   0,    1) (   0,    1) (   0,    1) (   0,    1) (   0,    1) (   0,    1)
          (   0,    1) (   0,    1) (   0,    1) (   0,    1) (   0,    1) (   0,    1) (   0,    1) (   0,    1) (   0,    1) (   0,    1)
          (   0,    1) (   0,    1) (   0,    1) (   0,    1) (   0,    1) (   0,    1) (   0,    1) (   0,    1) (   0,    1) (   0,    1)
          (   0,    1) (   0,    1) (   0,    1) (   0,    1) (   0,    1) (   0,    1) (   0,    1) (   0,    1) (   0,    1) (   0,    1)
          (   0,    1) (   0,    1) (   0,    1) (   0,    1) (   0,    1) (   0,    1) (   0,    1) (   0,    1) (   0,    1) (   0,    1)
          (   0,    1) (   0,    1) (   0,    1) (   0,    1) (   0,    1) (   0,    1) (   0,    1) (   0,    1) (   0,    1) (   0,    1)
          (   0,    1) (   0,    1) (   0,    1) (   0,    1) (   0,    1) (   0,    1) (   0,    1) (   0,    1) (   0,    1) (   0,    1)
          (   0,    1) (   0,    1) (   0,    1) (   0,    1) (   0,    1) (   0,    1) (   0,    1) (   0,    1) (   0,    1) (   0,    1)
          (   0,    1) (   0,    1) (   0,    1) (   0,    1) (   0,    1) (   0,    1) (   0,    1) (   0,    1) (   0,    1) (   0,    1)
          (   0,    1) (   0,    1) (   0,    1) (   0,    1) (   0,    1) (   0,    1) (   0,    1) (   0,    1) (   0,    1) (   0,    1)
          (   0,    1) (   0,    1) (   0,    1) (   0,    1) (   0,    1) (   0,    1) (   0,    1) (   0,    1) (   0,    1) (   0,    1)
          (   0,    1) (   0,    1) (   0,    1) (   0,    1) (   0,    1) (   0,    1) (   0,    1) (   0,    1) (   0,    1) (   0,    1)
          (   0,    1) (   0,    1) (   0,    1) (   0,    1) (   0,    1) (   0,    1) (   0,    1) (   0,    1) (   0,    1) (   0,    1)
          (   0,    1) (   0,    1) (   0,    1) (   0,    1) (   0,    1) (   0,    1) (   0,    1) (   0,    1) (   0,    1) (   0,    1)
          (   0,    1) (   0,    1) (   0,    1) (   0,    1) (   0,    1) (   0,    1) (   0,    1) (   0,    1) (   0,    1) (   0,    1)
          (   0,    1) (   0,    1) (   0,    1) (   0,    1) (   0,    1) (   0,    1) (   0,    1) (   0,    1) (   0,    1) (   0,    1)
          (   0,    1) (   0,    1) (   0,    1) (   0,    1) (   0,    1) (   0,    1) (   0,    1) (   0,    1) (   0,    1) (   0,    1)
          (   0,    1) (   0,    1) (   0,    1) (   0,    1) (   0,    1) (   0,    1) (   0,    1) (   0,    1) (   0,    1) (   0,    1)
          (   0,    1) (   0,    1) (   0,    1) (   0,    1) (   0,    1) (   0,    1) (   0,    1) (   0,    1) (   0,    1) (   0,    1)
          (   0,    1) (   0,    1) (   0,    1) (   0,    1) (   0,    1) (   0,    1) (   0,    1) (   0,    1) (   0,    1) (   0,    1)
          (   0,    1) (   0,    1) (   0,    1) (   0,    1) (   0,    1) (   0,    1) (   0,    1) (   0,    1) (   0,    1) (   0,    1)
          (   0,    1) (   0,    1) (   0,    1) (   0,    1) (   0,    1) (   0,    1) (   0,    1) (   0,    1) (   0,    1) (   0,    1)
          (   0,    1) (   0,    1) (   0,    1) (   0,    1) (   0,    1) (   0,    1) (   0,    1) (   0,    1) (   0,    1) (   0,    1)
          (   0,    1) (   0,    1) (   0,    1) (   0,    1) (   0,    1) (   0,    1) (   0,    1) (   0,    1) (   0,    1) (   0,    1)
          (   0,    1) (   0,    1) (   0,    1) (   0,    1) (   0,    1) (   0,    1) (   0,    1) (   0,    1) (   0,    1) (   0,    1)
          (   0,    1) (   0,    1) (   0,    1) (   0,    1) (   0,    1) (   0,    1) (   0,    1) (   0,    1) (   0,    1) (   0,    1)
          (   0,    1) (   0,    1) (   0,    1) (   0,    1) (   0,    1) (   0,    1) (   0,    1) (   0,    1) (   0,    1) (   0,    1)
          (   0,    1) (   0,    1) (   0,    1) (   0,    1) (   0,    1) (   0,    1) (   0,    1) (   0,    1) (   0,    1) (   0,    1)
          (   0,    1) (   0,    1) (   0,    1) (   0,    1) (   0,    1) (   0,    1) (   0,    1) (   0,    1) (   0,    1) (   0,    1)
          (   0,    1) (   0,    1) (   0,    1) (   0,    1) (   0,    1) (   0,    1) (   0,    1) (   0,    1) (   0,    1) (   0,    1)
          (   0,    1) (   0,    1) (   0,    1) (   0,    1) (   0,    1) (   0,    1) (   0,    1) (   0,    1) (   0,    1) (   0,    1)
         
node   9 sent_total     79  recv_total    521

node  10  (   0,    0) (   0,    0) (   0,    0) (   0,    0) (   0,    0) (   0,    0) (   0,    0) (   0,    0) (   0,    0) (   0,    0)
          (   0,    0) (   0,    0) (   0,    0) (   0,    0) (   0,    0) (   0,    0) (   0,    0) (   0,    0) (   0,    0) (   0,    0)
          (   0,    0) (   0,    0) (   0,    0) (   0,    0) (   0,    0) (   0,    0) (   0,    0) (   0,    0) (   0,    0) (   0,    0)
          (   0,    0) (   0,    0) (   0,    0) (   0,    0) (   0,    0) (   0,    0) (   0,    0) (   0,    0) (   0,    0) (   0,    0)
          (   0,    0) (   0,    0) (   0,    0) (   0,    0) (   0,    0) (   0,    0) (   0,    0) (   0,    0) (   0,    0) (   0,    0)
          (   0,    0) (   0,    0) (   0,    0) (   0,    0) (   0,    0) (   0,    0) (   0,    0) (   0,    0) (   0,    0) (   0,    0)
          (   0,    0) (   0,    0) (   0,    0) (   0,    0) (   0,    0) (   0,    0) (   0,    0) (   0,    0) (   0,    0) (   0,    0)
          (   0,    0) (   0,    0) (   0,    0) (   0,    0) (   0,    0) (   0,    0) (   0,    0) (   0,    0) (   0,    0) (   0,    0)
          (   0,    0) (   0,    0) (   0,    0) (   0,    0) (   0,    0) (   0,    0) (   0,    0) (   0,    0) (   0,    0) (   0,    0)
          (   0,    0) (   0,    0) (   0,    0) (   0,    0) (   0,    0) (   0,    0) (   0,    0) (   0,    0) (   0,    0) (   0,    0)
          (  39,    0) (  31,   31) (   0,   39) (   0,    0) (   0,    0) (   0,    0) (   0,    0) (   0,    0) (   0,    0) (   0,    0)
          (   0,    0) (   0,    0) (   0,    0) (   0,    0) (   0,    0) (   0,    0) (   0,    0) (   0,    0) (   0,    0) (   0,    0)
          (   0,    0) (   0,    0) (   0,    0) (   0,    0) (   0,    0) (   0,    0) (   0,    0) (   0,    0) (   0,    0) (   0,    0)
          (   0,    0) (   0,    0) (   0,    0) (   0,    0) (   0,    0) (   0,    0) (   0,    0) (   0,    0) (   0,    0) (   0,    0)
          (   0,    0) (   0,    0) (   0,    0) (   0,    0) (   0,    0) (   0,    0) (   0,    0) (   0,    0) (   0,    0) (   0,    0)
          (   0,    0) (   0,    0) (   0,    0) (   0,    0) (   0,    0) (   0,    0) (   0,    0) (   0,    0) (   0,    0) (   0,    0)
          (   0,    0) (   0,    0) (   0,    0) (   0,    0) (   0,    0) (   0,    0) (   0,    0) (   0,    0) (   0,    0) (   0,    0)
          (   0,    0) (   0,    0) (   0,    0) (   0,    0) (   0,    0) (   0,    0) (   0,    0) (   0,    0) (   0,    0) (   0,    0)
          (   0,    0) (   0,    0) (   0,    0) (   0,    0) (   0,    0) (   0,    0) (   0,    0) (   0,    0) (   0,    0) (   0,    0)
          (   0,    0) (   0,    0) (   0,    0) (   0,    0) (   0,    0) (   0,    0) (   0,    1) (   0,    0) (   0,    0) (   0,    0)
          (   0,    0) (   0,    0) (   0,    0) (   0,    0) (   0,    0) (   0,    0) (   0,    0) (   0,    0) (   0,    0) (   0,    0)
          (   0,    0) (   0,    0) (   0,    0) (   0,    0) (   0,    0) (   0,    0) (   0,    0) (   0,    0) (   0,    0) (   0,    0)
          (   0,    0) (   0,    0) (   0,    0) (   0,    0) (   0,    0) (   0,    0) (   0,    0) (   0,    0) (   0,    0) (   0,    0)
          (   0,    0) (   0,    0) (   0,    0) (   0,    0) (   0,    0) (   0,    0) (   0,    0) (   0,    0) (   0,    0) (   0,    0)
          (   0,    0) (   0,    0) (   0,    0) (   0,    0) (   0,    0) (   0,    0) (   0,    1) (   0,    0) (   0,    1) (   0,    1)
          (   0,    1) (   0,    1) (   0,    1) (   0,    1) (   0,    1) (   0,    1) (   0,    1) (   0,    1) (   0,    1) (   0,    1)
          (   0,    1) (   0,    1) (   0,    1) (   0,    1) (   0,    1) (   0,    1) (   0,    1) (   0,    1) (   0,    1) (   0,    1)
          (   0,    1) (   0,    1) (   0,    1) (   0,    1) (   0,    1) (   0,    1) (   0,    1) (   0,    1) (   0,    1) (   0,    1)
          (   0,    1) (   0,    1) (   0,    1) (   0,    1) (   0,    1) (   0,    1) (   1,    2) (   0,    1) (   0,    1) (   0,    1)
          (   0,    1) (   0,    1) (   0,    1) (   0,    1) (   0,    1) (   0,    1) (   0,    1) (   0,    1) (   0,    1) (   0,    1)
          (   0,    1) (   0,    1) (   0,    1) (   0,    1) (   0,    1) (   0,    1) (  24,    1) (   0,    1) (   0,    1) (   0,    1)
          (   0,    1) (   0,    1) (   0,    1) (   0,    1) (   0,    1) (   0,    1) (   0,    1) (   0,    1) (   0,    1) (   0,    1)
          (   0,    1) (   0,    1) (   0,    1) (   0,    1) (   0,    1) (   0,    1) (   0,    1) (   0,    1) (   0,    1) (   0,    1)
          (   0,    1) (   0,    1) (   0,    1) (   0,    1) (   0,    1) (   0,    1) (   0,    1) (   0,    1) (   0,    1) (   0,    1)
          (   0,    1) (   0,    1) (   0,    1) (   0,    1) (   0,    1) (   0,    1) (   0,    1) (   0,    1) (   0,    1) (   0,    1)
          (   0,    1) (   0,    1) (   0,    1) (   0,    1) (   0,    1) (   0,    1) (   0,    1) (   0,    1) (   0,    1) (   0,    1)
          (   0,    1) (   0,    1) (   0,    1) (   0,    1) (   0,    1) (   0,    1) (   0,    1) (   0,    1) (   0,    1) (   0,    1)
          (   0,    1) (   0,    1) (   0,    1) (   0,    1) (   0,    1) (   0,    1) (   0,    1) (   0,    1) (   0,    1) (   0,    1)
          (   0,    1) (   0,    1) (   0,    1) (   0,    1) (   0,    1) (   0,    1) (   0,    1) (   0,    1) (   0,    1) (   0,    1)
          (   0,    1) (   0,    1) (   0,    1) (   0,    1) (   0,    1) (   0,    1) (   0,    1) (   0,    1) (   0,    1) (   0,    1)
          (   0,    1) (   0,    1) (   0,    1) (   0,    1) (   0,    1) (   0,    1) (   0,    1) (   0,    1) (   0,    1) (   0,    1)
          (   0,    1) (   0,    1) (   0,    1) (   0,    1) (   0,    1) (   0,    1) (   0,    1) (   0,    1) (   0,    1) (   0,    1)
          (   0,    1) (   0,    1) (   0,    1) (   0,    1) (   0,    1) (   0,    1) (   0,    1) (   0,    1) (   0,    1) (   0,    1)
          (   0,    1) (   0,    1) (   0,    1) (   0,    1) (   0,    1) (   0,    1) (   0,    1) (   0,    1) (   0,    1) (   0,    1)
          (   0,    1) (   0,    1) (   0,    1) (   0,    1) (   0,    1) (   0,    1) (   0,    1) (   0,    1) (   0,    1) (   0,    1)
          (   0,    1) (   0,    1) (   0,    1) (   0,    1) (   0,    1) (   0,    1) (   0,    1) (   0,    1) (   0,    1) (   0,    1)
          (   0,    1) (   0,    1) (   0,    1) (   0,    1) (   0,    1) (   0,    1) (   0,    1) (   0,    1) (   0,    1) (   0,    1)
          (   0,    1) (   0,    1) (   0,    1) (   0,    1) (   0,    1) (   0,    1) (   0,    1) (   0,    1) (   0,    1) (   0,    1)
          (   0,    1) (   0,    1) (   0,    1) (   0,    1) (   0,    1) (   0,    1) (   0,    1) (   0,    1) (   0,    1) (   0,    1)
          (   0,    1) (   0,    1) (   0,    1) (   0,    1) (   0,    1) (   0,    1) (   0,    1) (   0,    1) (   0,    1) (   0,    1)
          (   0,    1) (   0,    1) (   0,    1) (   0,    1) (   0,    1) (   0,    1) (   0,    1) (   0,    1) (   0,    1) (   0,    1)
          (   0,    1) (   0,    1) (   0,    1) (   0,    1) (   0,    1) (   0,    1) (   0,    1) (   0,    1) (   0,    1) (   0,    1)
          (   0,    1) (   0,    1) (   0,    1) (   0,    1) (   0,    1) (   0,    1) (   0,    1) (   0,    1) (   0,    1) (   0,    1)
          (   0,    1) (   0,    1) (   0,    1) (   0,    1) (   0,    1) (   0,    1) (   0,    1) (   0,    1) (   0,    1) (   0,    1)
          (   0,    1) (   0,    1) (   0,    1) (   0,    1) (   0,    1) (   0,    1) (   0,    1) (   0,    1) (   0,    1) (   0,    1)
          (   0,    1) (   0,    1) (   0,    1) (   0,    1) (   0,    1) (   0,    1) (   0,    1) (   0,    1) (   0,    1) (   0,    1)
          (   0,    1) (   0,    1) (   0,    1) (   0,    1) (   0,    1) (   0,    1) (   0,    1) (   0,    1) (   0,    1) (   0,    1)
          (   0,    1) (   0,    1) (   0,    1) (   0,    1) (   0,    1) (   0,    1) (   0,    1) (   0,    1) (   0,    1) (   0,    1)
          (   0,    1) (   0,    1) (   0,    1) (   0,    1) (   0,    1) (   0,    1) (   0,    1) (   0,    1) (   0,    1) (   0,    1)
          (   0,    1) (   0,    1) (   0,    1) (   0,    1) (   0,    1) (   0,    1) (   0,    1) (   0,    1) (   0,    1) (   0,    1)
          (   0,    1) (   0,    1) (   0,    1) (   0,    1) (   0,    1) (   0,    1) (   0,    1) (   0,    1) (   0,    1) (   0,    1)
          (   0,    1) (   0,    1) (   0,    1) (   0,    1) (   0,    1) (   0,    1) (   0,    1) (   0,    1) (   0,    1) (   0,    1)
          (   0,    1) (   0,    1) (   0,    1) (   0,    1) (   0,    1) (   0,    1) (   0,    1) (   0,    1) (   0,    1) (   0,    1)
          (   0,    1) (   0,    1) (   0,    1) (   0,    1) (   0,    1) (   0,    1) (   0,    1) (   0,    1) (   0,    1) (   0,    1)
          (   0,    1) (   0,    1) (   0,    1) (   0,    1) (   0,    1) (   0,    1) (   0,    1) (   0,    1) (   0,    1) (   0,    1)
          (   0,    1) (   0,    1) (   0,    1) (   0,    1) (   0,    1) (   0,    1) (   0,    1) (   0,    1) (   0,    1) (   0,    1)
          (   0,    1) (   0,    1) (   0,    1) (   0,    1) (   0,    1) (   0,    1) (   0,    1) (   0,    1) (   0,    1) (   0,    1)
          (   0,    1) (   0,    1) (   0,    1) (   0,    1) (   0,    1) (   0,    1) (   0,    1) (   0,    1) (   0,    1) (   0,    1)
          (   0,    1) (   0,    1) (   0,    1) (   0,    1) (   0,    1) (   0,    1) (   0,    1) (   0,    1) (   0,    1) (   0,    1)
          (   0,    1) (   0,    1) (   0,    1) (   0,    1) (   0,    1) (   0,    1) (   0,    1) (   0,    1) (   0,    1) (   0,    1)
         
node  10 sent_total     95  recv_total    525

